[21:34:36 - main] [Cooja.java:1315] [INFO] - > Starting Cooja
[21:34:36 - main] [Cooja.java:2856] [INFO] - External tools default settings: /external_tools_linux_64.config
[21:34:36 - main] [Cooja.java:2886] [INFO] - External tools user settings: /home/user/.cooja.user.properties
[21:34:36 - main] [Simulation.java:422] [INFO] - Simulation random seed: 123456
[21:34:36 - main] [CompileContiki.java:140] [INFO] - > make udp-server-DixonQ-no-output.z1 TARGET=z1 
[21:34:36 - main] [CompileContiki.java:140] [INFO] - > make udp-client.z1 TARGET=z1 
[21:34:36 - main] [CompileContiki.java:140] [INFO] - > make udp-malicious-client-controller-aware-version-attack.z1 TARGET=z1 
[21:34:36 - main] [MspMote.java:235] [INFO] - Loading firmware from: /home/user/contiki/examples/ipv6/rpl-udp-fresh/udp-server-DixonQ-no-output.z1
[21:34:37 - main] [MspMote.java:235] [INFO] - Loading firmware from: /home/user/contiki/examples/ipv6/rpl-udp-fresh/udp-client.z1
[21:34:37 - main] [MspMote.java:235] [INFO] - Loading firmware from: /home/user/contiki/examples/ipv6/rpl-udp-fresh/udp-client.z1
[21:34:37 - main] [MspMote.java:235] [INFO] - Loading firmware from: /home/user/contiki/examples/ipv6/rpl-udp-fresh/udp-client.z1
[21:34:37 - main] [MspMote.java:235] [INFO] - Loading firmware from: /home/user/contiki/examples/ipv6/rpl-udp-fresh/udp-client.z1
[21:34:37 - main] [MspMote.java:235] [INFO] - Loading firmware from: /home/user/contiki/examples/ipv6/rpl-udp-fresh/udp-client.z1
[21:34:37 - main] [MspMote.java:235] [INFO] - Loading firmware from: /home/user/contiki/examples/ipv6/rpl-udp-fresh/udp-client.z1
[21:34:37 - main] [MspMote.java:235] [INFO] - Loading firmware from: /home/user/contiki/examples/ipv6/rpl-udp-fresh/udp-client.z1
[21:34:37 - main] [MspMote.java:235] [INFO] - Loading firmware from: /home/user/contiki/examples/ipv6/rpl-udp-fresh/udp-client.z1
[21:34:37 - main] [MspMote.java:235] [INFO] - Loading firmware from: /home/user/contiki/examples/ipv6/rpl-udp-fresh/udp-client.z1
[21:34:37 - main] [MspMote.java:235] [INFO] - Loading firmware from: /home/user/contiki/examples/ipv6/rpl-udp-fresh/udp-client.z1
[21:34:37 - main] [Cooja.java:1781] [INFO] - Visualized plugin was not started: class org.contikios.cooja.plugins.SimControl
[21:34:37 - main] [Cooja.java:1781] [INFO] - Visualized plugin was not started: class org.contikios.cooja.plugins.Visualizer
[21:34:37 - main] [Cooja.java:1781] [INFO] - Visualized plugin was not started: class org.contikios.cooja.plugins.LogListener
[21:34:37 - main] [Cooja.java:1781] [INFO] - Visualized plugin was not started: class org.contikios.cooja.plugins.TimeLine
[21:34:37 - main] [Cooja.java:1781] [INFO] - Visualized plugin was not started: class org.contikios.cooja.plugins.Notes
[21:34:37 - Thread-0] [SerialPortDiscoveryServer.java:22] [FATAL] - cannot open ServerSocket on port 6100
[21:34:37 - main] [ScriptRunner.java:430] [INFO] - Test script deactivated
[21:34:38 - main] [LogScriptEngine.java:263] [INFO] - Default script timeout in 1200000 ms
[21:34:38 - main] [ScriptRunner.java:387] [INFO] - Test script activated
[21:34:38 - Thread-5] [Simulation.java:253] [INFO] - Simulation main loop started, system time: 1591900478204
[21:34:39 - Thread-4] [LogScriptEngine.java:312] [FATAL] - Test script error, terminating Cooja.
[21:34:39 - Thread-4] [LogScriptEngine.java:313] [FATAL] - Script error:
<eval>:10 TypeError: TIMEOUT is not a function
	at jdk.nashorn.internal.runtime.ECMAErrors.error(ECMAErrors.java:57)
	at jdk.nashorn.internal.runtime.ECMAErrors.typeError(ECMAErrors.java:213)
	at jdk.nashorn.internal.runtime.ECMAErrors.typeError(ECMAErrors.java:185)
	at jdk.nashorn.internal.runtime.ECMAErrors.typeError(ECMAErrors.java:172)
	at jdk.nashorn.internal.runtime.ScriptObject.notAFunction(ScriptObject.java:1861)
	at jdk.nashorn.internal.runtime.ScriptObject.findCallMethod(ScriptObject.java:1857)
	at jdk.nashorn.internal.runtime.ScriptObject.lookup(ScriptObject.java:1825)
	at jdk.nashorn.internal.runtime.linker.PrimitiveLookup.lookupPrimitive(PrimitiveLookup.java:155)
	at jdk.nashorn.internal.runtime.linker.PrimitiveLookup.lookupPrimitive(PrimitiveLookup.java:80)
	at jdk.nashorn.internal.objects.NativeBoolean.lookupPrimitive(NativeBoolean.java:167)
	at jdk.nashorn.internal.objects.Global.primitiveLookup(Global.java:1138)
	at jdk.nashorn.internal.runtime.linker.NashornPrimitiveLinker.getGuardedInvocation(NashornPrimitiveLinker.java:72)
	at jdk.internal.dynalink.support.CompositeTypeBasedGuardingDynamicLinker.getGuardedInvocation(CompositeTypeBasedGuardingDynamicLinker.java:176)
	at jdk.internal.dynalink.support.CompositeGuardingDynamicLinker.getGuardedInvocation(CompositeGuardingDynamicLinker.java:124)
	at jdk.internal.dynalink.support.LinkerServicesImpl.getGuardedInvocation(LinkerServicesImpl.java:154)
	at jdk.internal.dynalink.DynamicLinker.relink(DynamicLinker.java:253)
	at jdk.nashorn.internal.scripts.Script$Recompilation$1$40$\^eval\_.run(<eval>:10)
	at jdk.nashorn.javaadapters.java.lang.Runnable.run(Unknown Source)
	at org.contikios.cooja.plugins.LogScriptEngine$4.run(LogScriptEngine.java:300)
	at java.lang.Thread.run(Thread.java:748)
