#
# There is insufficient memory for the Java Runtime Environment to continue.
# Native memory allocation (mmap) failed to map 323485696 bytes for committing reserved memory.
# Possible reasons:
#   The system is out of physical RAM or swap space
#   The process is running with CompressedOops enabled, and the Java Heap may be blocking the growth of the native heap
# Possible solutions:
#   Reduce memory load on the system
#   Increase physical memory or swap space
#   Check if swap backing store is full
#   Decrease Java heap size (-Xmx/-Xms)
#   Decrease number of Java threads
#   Decrease Java thread stack sizes (-Xss)
#   Set larger code cache with -XX:ReservedCodeCacheSize=
#   JVM is running with Zero Based Compressed Oops mode in which the Java heap is
#     placed in the first 32GB address space. The Java Heap base address is the
#     maximum limit for the native heap growth. Please use -XX:HeapBaseMinAddress
#     to set the Java Heap base and to place the Java Heap above 32GB virtual address.
# This output file may be truncated or incomplete.
#
#  Out of Memory Error (os_linux.cpp:2749), pid=5070, tid=0x00007f144ce51700
#
# JRE version: Java(TM) SE Runtime Environment (8.0_201-b09) (build 1.8.0_201-b09)
# Java VM: Java HotSpot(TM) 64-Bit Server VM (25.201-b09 mixed mode linux-amd64 compressed oops)
# Failed to write core dump. Core dumps have been disabled. To enable core dumping, try "ulimit -c unlimited" before starting Java again
#

---------------  T H R E A D  ---------------

Current thread (0x00007f1460183800):  VMThread [stack: 0x00007f144cd51000,0x00007f144ce52000] [id=5078]

Stack: [0x00007f144cd51000,0x00007f144ce52000],  sp=0x00007f144ce50430,  free space=1021k
Native frames: (J=compiled Java code, j=interpreted, Vv=VM code, C=native code)
V  [libjvm.so+0xad3525]  VMError::report_and_die()+0x2e5
V  [libjvm.so+0x4e0457]  report_vm_out_of_memory(char const*, int, unsigned long, VMErrorType, char const*)+0x67
V  [libjvm.so+0x9102f0]  os::pd_commit_memory(char*, unsigned long, unsigned long, bool)+0x100
V  [libjvm.so+0x90791f]  os::commit_memory(char*, unsigned long, unsigned long, bool)+0x1f
V  [libjvm.so+0x98c806]  PSVirtualSpace::expand_by(unsigned long)+0x56
V  [libjvm.so+0x97badb]  PSOldGen::expand_by(unsigned long) [clone .part.28]+0x1b
V  [libjvm.so+0x97bc98]  PSOldGen::expand(unsigned long) [clone .part.29]+0xa8
V  [libjvm.so+0x97c841]  PSOldGen::resize(unsigned long)+0xe1
V  [libjvm.so+0x98297c]  PSParallelCompact::invoke_no_policy(bool) [clone .part.118]+0xa2c
V  [libjvm.so+0x98a795]  PSScavenge::invoke()+0x215
V  [libjvm.so+0x93a318]  ParallelScavengeHeap::failed_mem_allocate(unsigned long)+0x68
V  [libjvm.so+0xad5073]  VM_ParallelGCFailedAllocation::doit()+0x93
V  [libjvm.so+0xada296]  VM_Operation::evaluate()+0x46
V  [libjvm.so+0xad85cd]  VMThread::evaluate_operation(VM_Operation*) [clone .constprop.44]+0xcd
V  [libjvm.so+0xad8bb3]  VMThread::loop()+0x3a3
V  [libjvm.so+0xad8f88]  VMThread::run()+0x78
V  [libjvm.so+0x90d922]  java_start(Thread*)+0x102

VM_Operation (0x00007f143c45c6e0): ParallelGCFailedAllocation, mode: safepoint, requested by thread 0x00007f13e42c2800


---------------  P R O C E S S  ---------------

Java Threads: ( => current thread )
  0x00007f13e42c2800 JavaThread "Thread-35" [_thread_blocked, id=18900, stack(0x00007f143c35d000,0x00007f143c45e000)]
  0x00007f13d4084000 JavaThread "Thread-34" [_thread_blocked, id=18878, stack(0x00007f1444275000,0x00007f1444376000)]
  0x00007f13e404e800 JavaThread "TimerQueue" daemon [_thread_blocked, id=5091, stack(0x00007f14443cf000,0x00007f14444d0000)]
  0x00007f146000a800 JavaThread "DestroyJavaVM" [_thread_blocked, id=5071, stack(0x00007f146719a000,0x00007f146729b000)]
  0x00007f14604c7000 JavaThread "AWT-EventQueue-0" [_thread_blocked, id=5090, stack(0x00007f14446e3000,0x00007f14447e4000)]
  0x00007f1460461000 JavaThread "AWT-Shutdown" [_thread_blocked, id=5089, stack(0x00007f14447e4000,0x00007f14448e5000)]
  0x00007f1460447000 JavaThread "AWT-XAWT" daemon [_thread_blocked, id=5088, stack(0x00007f1444f0f000,0x00007f1445010000)]
  0x00007f1460428000 JavaThread "Java2D Disposer" daemon [_thread_blocked, id=5087, stack(0x00007f1445420000,0x00007f1445521000)]
  0x00007f14601d4000 JavaThread "Service Thread" daemon [_thread_blocked, id=5085, stack(0x00007f144c372000,0x00007f144c473000)]
  0x00007f14601c9000 JavaThread "C1 CompilerThread2" daemon [_thread_blocked, id=5084, stack(0x00007f144c473000,0x00007f144c574000)]
  0x00007f14601c7000 JavaThread "C2 CompilerThread1" daemon [_thread_blocked, id=5083, stack(0x00007f144c574000,0x00007f144c675000)]
  0x00007f14601c4800 JavaThread "C2 CompilerThread0" daemon [_thread_blocked, id=5082, stack(0x00007f144c675000,0x00007f144c776000)]
  0x00007f14601c3000 JavaThread "Signal Dispatcher" daemon [_thread_blocked, id=5081, stack(0x00007f144c776000,0x00007f144c877000)]
  0x00007f1460190000 JavaThread "Finalizer" daemon [_thread_blocked, id=5080, stack(0x00007f144cb4f000,0x00007f144cc50000)]
  0x00007f146018d800 JavaThread "Reference Handler" daemon [_thread_blocked, id=5079, stack(0x00007f144cc50000,0x00007f144cd51000)]

Other Threads:
=>0x00007f1460183800 VMThread [stack: 0x00007f144cd51000,0x00007f144ce52000] [id=5078]
  0x00007f14601d6800 WatcherThread [stack: 0x00007f144c271000,0x00007f144c372000] [id=5086]

VM state:at safepoint (normal execution)

VM Mutex/Monitor currently owned by a thread:  ([mutex/lock_event])
[0x00007f1460006690] ExpandHeap_lock - owner thread: 0x00007f1460183800
[0x00007f1460006d10] Threads_lock - owner thread: 0x00007f1460183800
[0x00007f1460007210] Heap_lock - owner thread: 0x00007f13e42c2800

heap address: 0x00000005c0000000, size: 8192 MB, Compressed Oops mode: Zero based, Oop shift amount: 3
Narrow klass base: 0x0000000000000000, Narrow klass shift: 3
Compressed class space size: 1073741824 Address: 0x00000007c0000000

Heap:
 PSYoungGen      total 2291200K, used 543701K [0x0000000715580000, 0x00000007afd80000, 0x00000007c0000000)
  eden space 2211328K, 24% used [0x0000000715580000,0x00000007368754c0,0x000000079c500000)
  from space 79872K, 0% used [0x000000079c500000,0x000000079c500000,0x00000007a1300000)
  to   space 158208K, 0% used [0x00000007a6300000,0x00000007a6300000,0x00000007afd80000)
 ParOldGen       total 2727424K, used 2726971K [0x00000005c0000000, 0x0000000666780000, 0x0000000715580000)
  object space 2727424K, 99% used [0x00000005c0000000,0x000000066670ed30,0x0000000666780000)
 Metaspace       used 38130K, capacity 39376K, committed 39552K, reserved 1083392K
  class space    used 4540K, capacity 4908K, committed 4992K, reserved 1048576K

Card table byte_map: [0x00007f144fc3f000,0x00007f1450c40000] byte_map_base: 0x00007f144ce3f000

Marking Bits: (ParMarkBitMap*) 0x00007f1466677d80
 Begin Bits: [0x00007f1410000000, 0x00007f1418000000)
 End Bits:   [0x00007f1418000000, 0x00007f1420000000)

Polling page: 0x00007f14672bc000

CodeCache: size=245760Kb used=32904Kb max_used=32904Kb free=212855Kb
 bounds [0x00007f1451000000, 0x00007f1453070000, 0x00007f1460000000]
 total_blobs=10190 nmethods=9468 adapters=633
 compilation: enabled

Compilation events (10 events):
Event: 47944.173 Thread 0x00007f14601c9000 12759       3       java.lang.Integer::toString (118 bytes)
Event: 47944.174 Thread 0x00007f14601c9000 nmethod 12759 0x00007f14530513d0 code [0x00007f1453051580, 0x00007f1453051b78]
Event: 47944.694 Thread 0x00007f14601c9000 12760       3       org.contikios.cooja.mspmote.interfaces.CoojaM25P80$1::read (19 bytes)
Event: 47944.695 Thread 0x00007f14601c9000 nmethod 12760 0x00007f145304ce90 code [0x00007f145304d000, 0x00007f145304d228]
Event: 47945.209 Thread 0x00007f14601c9000 12761 %     3       org.contikios.cooja.radiomediums.UDGM$1::analyzeEdges @ 51 (153 bytes)
Event: 47945.210 Thread 0x00007f14601c9000 nmethod 12761% 0x00007f145305df90 code [0x00007f145305e2e0, 0x00007f1453060648]
Event: 47945.600 Thread 0x00007f14601c9000 12762       3       org.contikios.cooja.radiomediums.UDGM::createConnections (370 bytes)
Event: 47945.606 Thread 0x00007f14601c9000 nmethod 12762 0x00007f1453061c90 code [0x00007f1453062140, 0x00007f1453065198]
Event: 47945.606 Thread 0x00007f14601c9000 12763       3       org.contikios.cooja.radiomediums.DirectedGraphMedium::getPotentialDestinations (23 bytes)
Event: 47945.607 Thread 0x00007f14601c9000 nmethod 12763 0x00007f145304c7d0 code [0x00007f145304c960, 0x00007f145304cd78]

GC Heap History (10 events):
Event: 47320.789 GC heap after
Heap after GC invocations=1731 (full 16):
 PSYoungGen      total 2291200K, used 1492489K [0x0000000715580000, 0x00000007afd80000, 0x00000007c0000000)
  eden space 2211328K, 67% used [0x0000000715580000,0x0000000770702630,0x000000079c500000)
  from space 79872K, 0% used [0x000000079c500000,0x000000079c500000,0x00000007a1300000)
  to   space 158208K, 0% used [0x00000007a6300000,0x00000007a6300000,0x00000007afd80000)
 ParOldGen       total 1482752K, used 1231219K [0x00000005c0000000, 0x000000061a800000, 0x0000000715580000)
  object space 1482752K, 83% used [0x00000005c0000000,0x000000060b25cfe8,0x000000061a800000)
 Metaspace       used 37812K, capacity 38944K, committed 39296K, reserved 1083392K
  class space    used 4511K, capacity 4857K, committed 4992K, reserved 1048576K
}
Event: 47464.346 GC heap before
{Heap before GC invocations=1732 (full 16):
 PSYoungGen      total 2291200K, used 1932303K [0x0000000715580000, 0x00000007afd80000, 0x00000007c0000000)
  eden space 2211328K, 87% used [0x0000000715580000,0x000000078b483d58,0x000000079c500000)
  from space 79872K, 0% used [0x000000079c500000,0x000000079c500000,0x00000007a1300000)
  to   space 158208K, 0% used [0x00000007a6300000,0x00000007a6300000,0x00000007afd80000)
 ParOldGen       total 1482752K, used 1231219K [0x00000005c0000000, 0x000000061a800000, 0x0000000715580000)
  object space 1482752K, 83% used [0x00000005c0000000,0x000000060b25cfe8,0x000000061a800000)
 Metaspace       used 37852K, capacity 38954K, committed 39296K, reserved 1083392K
  class space    used 4512K, capacity 4858K, committed 4992K, reserved 1048576K
Event: 47475.630 GC heap after
Heap after GC invocations=1732 (full 16):
 PSYoungGen      total 2291200K, used 1932303K [0x0000000715580000, 0x00000007afd80000, 0x00000007c0000000)
  eden space 2211328K, 87% used [0x0000000715580000,0x000000078b483d58,0x000000079c500000)
  from space 79872K, 0% used [0x000000079c500000,0x000000079c500000,0x00000007a1300000)
  to   space 158208K, 99% used [0x00000007a6300000,0x00000007afd7fcb8,0x00000007afd80000)
 ParOldGen       total 2072576K, used 2071693K [0x00000005c0000000, 0x000000063e800000, 0x0000000715580000)
  object space 2072576K, 99% used [0x00000005c0000000,0x000000063e7237e8,0x000000063e800000)
 Metaspace       used 37852K, capacity 38954K, committed 39296K, reserved 1083392K
  class space    used 4512K, capacity 4858K, committed 4992K, reserved 1048576K
}
Event: 47475.630 GC heap before
{Heap before GC invocations=1733 (full 17):
 PSYoungGen      total 2291200K, used 1932303K [0x0000000715580000, 0x00000007afd80000, 0x00000007c0000000)
  eden space 2211328K, 87% used [0x0000000715580000,0x000000078b483d58,0x000000079c500000)
  from space 79872K, 0% used [0x000000079c500000,0x000000079c500000,0x00000007a1300000)
  to   space 158208K, 99% used [0x00000007a6300000,0x00000007afd7fcb8,0x00000007afd80000)
 ParOldGen       total 2072576K, used 2071693K [0x00000005c0000000, 0x000000063e800000, 0x0000000715580000)
  object space 2072576K, 99% used [0x00000005c0000000,0x000000063e7237e8,0x000000063e800000)
 Metaspace       used 37852K, capacity 38954K, committed 39296K, reserved 1083392K
  class space    used 4512K, capacity 4858K, committed 4992K, reserved 1048576K
Event: 47476.933 GC heap after
Heap after GC invocations=1733 (full 17):
 PSYoungGen      total 2291200K, used 653667K [0x0000000715580000, 0x00000007afd80000, 0x00000007c0000000)
  eden space 2211328K, 29% used [0x0000000715580000,0x000000073d3d8ca0,0x000000079c500000)
  from space 79872K, 0% used [0x000000079c500000,0x000000079c500000,0x00000007a1300000)
  to   space 158208K, 0% used [0x00000007a6300000,0x00000007a6300000,0x00000007afd80000)
 ParOldGen       total 2072576K, used 2072121K [0x00000005c0000000, 0x000000063e800000, 0x0000000715580000)
  object space 2072576K, 99% used [0x00000005c0000000,0x000000063e78e698,0x000000063e800000)
 Metaspace       used 37852K, capacity 38954K, committed 39296K, reserved 1083392K
  class space    used 4512K, capacity 4858K, committed 4992K, reserved 1048576K
}
Event: 47822.263 GC heap before
{Heap before GC invocations=1734 (full 18):
 PSYoungGen      total 2291200K, used 2211328K [0x0000000715580000, 0x00000007afd80000, 0x00000007c0000000)
  eden space 2211328K, 100% used [0x0000000715580000,0x000000079c500000,0x000000079c500000)
  from space 79872K, 0% used [0x000000079c500000,0x000000079c500000,0x00000007a1300000)
  to   space 158208K, 0% used [0x00000007a6300000,0x00000007a6300000,0x00000007afd80000)
 ParOldGen       total 2072576K, used 2072121K [0x00000005c0000000, 0x000000063e800000, 0x0000000715580000)
  object space 2072576K, 99% used [0x00000005c0000000,0x000000063e78e698,0x000000063e800000)
 Metaspace       used 38117K, capacity 39364K, committed 39552K, reserved 1083392K
  class space    used 4540K, capacity 4908K, committed 4992K, reserved 1048576K
Event: 47823.559 GC heap after
Heap after GC invocations=1734 (full 18):
 PSYoungGen      total 2291200K, used 1183514K [0x0000000715580000, 0x00000007afd80000, 0x00000007c0000000)
  eden space 2211328K, 53% used [0x0000000715580000,0x000000075d946b30,0x000000079c500000)
  from space 79872K, 0% used [0x000000079c500000,0x000000079c500000,0x00000007a1300000)
  to   space 158208K, 0% used [0x00000007a6300000,0x00000007a6300000,0x00000007afd80000)
 ParOldGen       total 2355712K, used 2071818K [0x00000005c0000000, 0x000000064fc80000, 0x0000000715580000)
  object space 2355712K, 87% used [0x00000005c0000000,0x000000063e742940,0x000000064fc80000)
 Metaspace       used 38117K, capacity 39364K, committed 39552K, reserved 1083392K
  class space    used 4540K, capacity 4908K, committed 4992K, reserved 1048576K
}
Event: 47957.744 GC heap before
{Heap before GC invocations=1735 (full 18):
 PSYoungGen      total 2291200K, used 2211328K [0x0000000715580000, 0x00000007afd80000, 0x00000007c0000000)
  eden space 2211328K, 100% used [0x0000000715580000,0x000000079c500000,0x000000079c500000)
  from space 79872K, 0% used [0x000000079c500000,0x000000079c500000,0x00000007a1300000)
  to   space 158208K, 0% used [0x00000007a6300000,0x00000007a6300000,0x00000007afd80000)
 ParOldGen       total 2355712K, used 2071818K [0x00000005c0000000, 0x000000064fc80000, 0x0000000715580000)
  object space 2355712K, 87% used [0x00000005c0000000,0x000000063e742940,0x000000064fc80000)
 Metaspace       used 38130K, capacity 39376K, committed 39552K, reserved 1083392K
  class space    used 4540K, capacity 4908K, committed 4992K, reserved 1048576K
Event: 47962.123 GC heap after
Heap after GC invocations=1735 (full 18):
 PSYoungGen      total 2291200K, used 2211328K [0x0000000715580000, 0x00000007afd80000, 0x00000007c0000000)
  eden space 2211328K, 100% used [0x0000000715580000,0x000000079c500000,0x000000079c500000)
  from space 79872K, 0% used [0x000000079c500000,0x000000079c500000,0x00000007a1300000)
  to   space 158208K, 99% used [0x00000007a6300000,0x00000007afd7c3d0,0x00000007afd80000)
 ParOldGen       total 2727424K, used 2726055K [0x00000005c0000000, 0x0000000666780000, 0x0000000715580000)
  object space 2727424K, 99% used [0x00000005c0000000,0x0000000666629d38,0x0000000666780000)
 Metaspace       used 38130K, capacity 39376K, committed 39552K, reserved 1083392K
  class space    used 4540K, capacity 4908K, committed 4992K, reserved 1048576K
}
Event: 47962.123 GC heap before
{Heap before GC invocations=1736 (full 19):
 PSYoungGen      total 2291200K, used 2211328K [0x0000000715580000, 0x00000007afd80000, 0x00000007c0000000)
  eden space 2211328K, 100% used [0x0000000715580000,0x000000079c500000,0x000000079c500000)
  from space 79872K, 0% used [0x000000079c500000,0x000000079c500000,0x00000007a1300000)
  to   space 158208K, 99% used [0x00000007a6300000,0x00000007afd7c3d0,0x00000007afd80000)
 ParOldGen       total 2727424K, used 2726055K [0x00000005c0000000, 0x0000000666780000, 0x0000000715580000)
  object space 2727424K, 99% used [0x00000005c0000000,0x0000000666629d38,0x0000000666780000)
 Metaspace       used 38130K, capacity 39376K, committed 39552K, reserved 1083392K
  class space    used 4540K, capacity 4908K, committed 4992K, reserved 1048576K

Deoptimization events (10 events):
Event: 47489.259 Thread 0x00007f14604c7000 Uncommon trap: reason=unstable_if action=reinterpret pc=0x00007f1451d62db8 method=java.util.concurrent.ConcurrentLinkedQueue.updateHead(Ljava/util/concurrent/ConcurrentLinkedQueue$Node;Ljava/util/concurrent/ConcurrentLinkedQueue$Node;)V @ 11
Event: 47493.198 Thread 0x00007f13e4191800 Uncommon trap: reason=unstable_if action=reinterpret pc=0x00007f145228ea10 method=java.lang.AbstractStringBuilder.append([CII)Ljava/lang/AbstractStringBuilder; @ 1
Event: 47494.799 Thread 0x00007f13d404e000 Uncommon trap: reason=unstable_if action=reinterpret pc=0x00007f14519594e8 method=java.util.concurrent.ConcurrentLinkedQueue.updateHead(Ljava/util/concurrent/ConcurrentLinkedQueue$Node;Ljava/util/concurrent/ConcurrentLinkedQueue$Node;)V @ 11
Event: 47563.483 Thread 0x00007f14604c7000 Uncommon trap: reason=unstable_if action=reinterpret pc=0x00007f1452da4728 method=sun.misc.FloatingDecimal$BinaryToASCIIBuffer.estimateDecExp(JI)I @ 117
Event: 47718.081 Thread 0x00007f13d4084000 Uncommon trap: reason=null_check action=make_not_entrant pc=0x00007f1451899d64 method=java.lang.invoke.LambdaFormEditor.getInCache(Ljava/lang/invoke/LambdaFormEditor$Transform;)Ljava/lang/invoke/LambdaForm; @ 181
Event: 47718.081 Thread 0x00007f13d4084000 Uncommon trap: reason=unstable_if action=reinterpret pc=0x00007f1451415a38 method=java.lang.invoke.LambdaForm.uncustomize()Ljava/lang/invoke/LambdaForm; @ 4
Event: 47718.095 Thread 0x00007f14604c7000 Uncommon trap: reason=unstable_if action=reinterpret pc=0x00007f1452846680 method=javax.swing.DefaultRowSorter.getFilterEntry(I)Ljavax/swing/RowFilter$Entry; @ 4
Event: 47777.553 Thread 0x00007f14604c7000 Uncommon trap: reason=unstable_if action=reinterpret pc=0x00007f1452847470 method=sun.misc.FormattedFloatingDecimal.applyPrecision(I[CII)I @ 90
Event: 47823.559 Thread 0x00007f14604c7000 Uncommon trap: reason=unstable_if action=reinterpret pc=0x00007f1451bea338 method=java.lang.Double.compare(DD)I @ 11
Event: 47945.204 Thread 0x00007f13e42c2800 Uncommon trap: reason=unstable_if action=reinterpret pc=0x00007f145267b3d0 method=org.contikios.cooja.radiomediums.DirectedGraphMedium.getPotentialDestinations(Lorg/contikios/cooja/interfaces/Radio;)[Lorg/contikios/cooja/radiomediums/DGRMDestinationRadio;

Classes redefined (0 events):
No events

Internal exceptions (10 events):
Event: 47492.432 Thread 0x00007f14604c7000 Exception <a 'java/lang/UnsupportedOperationException': > (0x000000073e3f99f0) thrown at [/HUDSON/workspace/8-2-build-linux-amd64/jdk8u201/12317/hotspot/src/share/vm/prims/jni.cpp, line 735]
Event: 47494.204 Thread 0x00007f14604c7000 Exception <a 'java/lang/UnsupportedOperationException': > (0x000000073e525ab8) thrown at [/HUDSON/workspace/8-2-build-linux-amd64/jdk8u201/12317/hotspot/src/share/vm/prims/jni.cpp, line 735]
Event: 47494.929 Thread 0x00007f14604c7000 Exception <a 'java/lang/UnsupportedOperationException': > (0x000000073e565f50) thrown at [/HUDSON/workspace/8-2-build-linux-amd64/jdk8u201/12317/hotspot/src/share/vm/prims/jni.cpp, line 735]
Event: 47504.602 Thread 0x00007f14604c7000 Exception <a 'java/io/FileNotFoundException'> (0x000000073eabdbe0) thrown at [/HUDSON/workspace/8-2-build-linux-amd64/jdk8u201/12317/hotspot/src/share/vm/prims/jni.cpp, line 709]
Event: 47504.603 Thread 0x00007f14604c7000 Exception <a 'java/io/FileNotFoundException'> (0x000000073eacd5d0) thrown at [/HUDSON/workspace/8-2-build-linux-amd64/jdk8u201/12317/hotspot/src/share/vm/prims/jni.cpp, line 709]
Event: 47504.655 Thread 0x00007f14604c7000 Exception <a 'java/io/FileNotFoundException'> (0x000000073eb22fb0) thrown at [/HUDSON/workspace/8-2-build-linux-amd64/jdk8u201/12317/hotspot/src/share/vm/prims/jni.cpp, line 709]
Event: 47504.656 Thread 0x00007f14604c7000 Exception <a 'java/io/FileNotFoundException'> (0x000000073eb325f0) thrown at [/HUDSON/workspace/8-2-build-linux-amd64/jdk8u201/12317/hotspot/src/share/vm/prims/jni.cpp, line 709]
Event: 47504.694 Thread 0x00007f13e42c2800 Exception <a 'java/io/FileNotFoundException'> (0x000000077518d8e0) thrown at [/HUDSON/workspace/8-2-build-linux-amd64/jdk8u201/12317/hotspot/src/share/vm/prims/jni.cpp, line 709]
Event: 47718.081 Thread 0x00007f13d4084000 Implicit null exception at 0x00007f1451898b94 to 0x00007f1451899d0d
Event: 47718.095 Thread 0x00007f14604c7000 Implicit null exception at 0x00007f1452846650 to 0x00007f1452846668

Events (10 events):
Event: 47861.374 Thread 0x00007f14601c9000 flushing nmethod 0x00007f1451acead0
Event: 47872.113 Thread 0x00007f13e42c2800 DEOPT PACKING pc=0x00007f145251f14b sp=0x00007f143c45c650
Event: 47872.113 Thread 0x00007f13e42c2800 DEOPT UNPACKING pc=0x00007f1451047784 sp=0x00007f143c45c3d0 mode 0
Event: 47885.948 Thread 0x00007f14601c4800 flushing nmethod 0x00007f1452db6dd0
Event: 47945.201 Thread 0x00007f13e42c2800 Uncommon trap: trap_request=0xffffff65 fr.pc=0x00007f145267b3d0
Event: 47945.204 Thread 0x00007f13e42c2800 DEOPT PACKING pc=0x00007f145267b3d0 sp=0x00007f143c45c5f0
Event: 47945.204 Thread 0x00007f13e42c2800 DEOPT UNPACKING pc=0x00007f145104573a sp=0x00007f143c45c540 mode 2
Event: 47945.216 Executing VM operation: RevokeBias
Event: 47945.216 Executing VM operation: RevokeBias done
Event: 47957.744 Executing VM operation: ParallelGCFailedAllocation


Dynamic libraries:
00400000-00401000 r-xp 00000000 08:01 1408246                            /usr/lib/jvm/java-8-oracle/jre/bin/java
00600000-00601000 r--p 00000000 08:01 1408246                            /usr/lib/jvm/java-8-oracle/jre/bin/java
00601000-00602000 rw-p 00001000 08:01 1408246                            /usr/lib/jvm/java-8-oracle/jre/bin/java
020e6000-02107000 rw-p 00000000 00:00 0                                  [heap]
5c0000000-666780000 rw-p 00000000 00:00 0 
679c00000-715580000 ---p 00000000 00:00 0 
715580000-7afd80000 rw-p 00000000 00:00 0 
7afd80000-7c0000000 ---p 00000000 00:00 0 
7c0000000-7c04e0000 rw-p 00000000 00:00 0 
7c04e0000-800000000 ---p 00000000 00:00 0 
7f13c8000000-7f13c80f0000 rw-p 00000000 00:00 0 
7f13c80f0000-7f13cc000000 ---p 00000000 00:00 0 
7f13cc000000-7f13cc021000 rw-p 00000000 00:00 0 
7f13cc021000-7f13d0000000 ---p 00000000 00:00 0 
7f13d0000000-7f13d0087000 rw-p 00000000 00:00 0 
7f13d0087000-7f13d4000000 ---p 00000000 00:00 0 
7f13d4000000-7f13d409b000 rw-p 00000000 00:00 0 
7f13d409b000-7f13d8000000 ---p 00000000 00:00 0 
7f13d8000000-7f13d8021000 rw-p 00000000 00:00 0 
7f13d8021000-7f13dc000000 ---p 00000000 00:00 0 
7f13dc000000-7f13dc66e000 rw-p 00000000 00:00 0 
7f13dc66e000-7f13e0000000 ---p 00000000 00:00 0 
7f13e0000000-7f13e0021000 rw-p 00000000 00:00 0 
7f13e0021000-7f13e4000000 ---p 00000000 00:00 0 
7f13e4000000-7f13e44bc000 rw-p 00000000 00:00 0 
7f13e44bc000-7f13e8000000 ---p 00000000 00:00 0 
7f13e8000000-7f13e8021000 rw-p 00000000 00:00 0 
7f13e8021000-7f13ec000000 ---p 00000000 00:00 0 
7f13ec000000-7f13ec054000 rw-p 00000000 00:00 0 
7f13ec054000-7f13f0000000 ---p 00000000 00:00 0 
7f13f0000000-7f13f0021000 rw-p 00000000 00:00 0 
7f13f0021000-7f13f4000000 ---p 00000000 00:00 0 
7f13f4000000-7f13f4021000 rw-p 00000000 00:00 0 
7f13f4021000-7f13f8000000 ---p 00000000 00:00 0 
7f13f8000000-7f13fbffd000 rw-p 00000000 00:00 0 
7f13fbffd000-7f13fc000000 ---p 00000000 00:00 0 
7f13fc000000-7f13fce73000 rw-p 00000000 00:00 0 
7f13fce73000-7f1400000000 ---p 00000000 00:00 0 
7f1400000000-7f1400021000 rw-p 00000000 00:00 0 
7f1400021000-7f1404000000 ---p 00000000 00:00 0 
7f1404000000-7f1407665000 rw-p 00000000 00:00 0 
7f1407665000-7f1408000000 ---p 00000000 00:00 0 
7f1408000000-7f1408021000 rw-p 00000000 00:00 0 
7f1408021000-7f140c000000 ---p 00000000 00:00 0 
7f140c000000-7f140c021000 rw-p 00000000 00:00 0 
7f140c021000-7f1410000000 ---p 00000000 00:00 0 
7f1410000000-7f1420000000 rw-p 00000000 00:00 0 
7f1420000000-7f1420021000 rw-p 00000000 00:00 0 
7f1420021000-7f1424000000 ---p 00000000 00:00 0 
7f1424000000-7f14243e4000 rw-p 00000000 00:00 0 
7f14243e4000-7f1428000000 ---p 00000000 00:00 0 
7f1428000000-7f1428021000 rw-p 00000000 00:00 0 
7f1428021000-7f142c000000 ---p 00000000 00:00 0 
7f1430000000-7f1430021000 rw-p 00000000 00:00 0 
7f1430021000-7f1434000000 ---p 00000000 00:00 0 
7f1436ea0000-7f1436ee1000 r-xp 00000000 08:01 1408438                    /usr/lib/jvm/java-8-oracle/jre/lib/amd64/libjpeg.so
7f1436ee1000-7f14370e1000 ---p 00041000 08:01 1408438                    /usr/lib/jvm/java-8-oracle/jre/lib/amd64/libjpeg.so
7f14370e1000-7f14370e2000 r--p 00041000 08:01 1408438                    /usr/lib/jvm/java-8-oracle/jre/lib/amd64/libjpeg.so
7f14370e2000-7f14370e3000 rw-p 00042000 08:01 1408438                    /usr/lib/jvm/java-8-oracle/jre/lib/amd64/libjpeg.so
7f14370e3000-7f14372e3000 rw-p 00000000 00:00 0 
7f14372e3000-7f14374e3000 rw-p 00000000 00:00 0 
7f14374e3000-7f14376e3000 rw-p 00000000 00:00 0 
7f14376e3000-7f14376fe000 r--s 001d4000 08:01 1408377                    /usr/lib/jvm/java-8-oracle/jre/lib/ext/nashorn.jar
7f14376fe000-7f14378fe000 rw-p 00000000 00:00 0 
7f1437c00000-7f1437dc0000 rw-p 00000000 00:00 0 
7f1437dc0000-7f1437e00000 ---p 00000000 00:00 0 
7f1437e00000-7f1438000000 rw-p 00000000 00:00 0 
7f1438000000-7f1438021000 rw-p 00000000 00:00 0 
7f1438021000-7f143c000000 ---p 00000000 00:00 0 
7f143c0ef000-7f143c107000 rw-s 00000000 00:05 11436047                   /SYSV00000000 (deleted)
7f143c107000-7f143c108000 r--s 00000000 08:01 1820094                    /var/cache/fontconfig/087e1975ba9a574b140bb1df193bf770-le64.cache-6
7f143c108000-7f143c113000 r--s 00000000 08:01 1726198                    /var/cache/fontconfig/945677eb7aeaf62f1d50efc3fb3ec7d8-le64.cache-6
7f143c113000-7f143c119000 r--s 00000000 08:01 1730244                    /var/cache/fontconfig/2cd17615ca594fa2959ae173292e504c-le64.cache-6
7f143c119000-7f143c11a000 r--s 00000000 08:01 1730243                    /var/cache/fontconfig/0d8c3b2ac0904cb8a57a757ad11a4a08-le64.cache-6
7f143c11a000-7f143c11e000 r--s 00000000 08:01 1739929                    /var/cache/fontconfig/de156ccd2eddbdc19d37a45b8b2aac9c-le64.cache-6
7f143c11e000-7f143c133000 r--s 00000000 08:01 1730242                    /var/cache/fontconfig/04aabc0a78ac019cf9454389977116d2-le64.cache-6
7f143c133000-7f143c134000 r--s 00000000 08:01 1730241                    /var/cache/fontconfig/1ac9eb803944fde146138c791f5cc56a-le64.cache-6
7f143c134000-7f143c138000 r--s 00000000 08:01 1730240                    /var/cache/fontconfig/385c0604a188198f04d133e54aba7fe7-le64.cache-6
7f143c138000-7f143c139000 r--s 00000000 08:01 1730239                    /var/cache/fontconfig/dc05db6664285cc2f12bf69c139ae4c3-le64.cache-6
7f143c139000-7f143c13c000 r--s 00000000 08:01 1730238                    /var/cache/fontconfig/767a8244fc0220cfb567a839d0392e0b-le64.cache-6
7f143c13c000-7f143c13d000 r--s 00000000 08:01 1722666                    /var/cache/fontconfig/4794a0821666d79190d59a36cb4f44b5-le64.cache-6
7f143c13d000-7f143c142000 r--s 00000000 08:01 1730236                    /var/cache/fontconfig/8801497958630a81b71ace7c5f9b32a8-le64.cache-6
7f143c142000-7f143c146000 r--s 00000000 08:01 1739928                    /var/cache/fontconfig/c57959a16110560c8d0fcea73374aeeb-le64.cache-6
7f143c146000-7f143c147000 r--s 00000000 08:01 1730235                    /var/cache/fontconfig/bab58bb527bb656aaa9f116d68a48d89-le64.cache-6
7f143c147000-7f143c14e000 r--s 00000000 08:01 1730234                    /var/cache/fontconfig/3047814df9a2f067bd2d96a2b9c36e5a-le64.cache-6
7f143c14e000-7f143c156000 r--s 00000000 08:01 1721585                    /var/cache/fontconfig/bf3b770c553c462765856025a94f1ce6-le64.cache-6
7f143c156000-7f143c157000 r--s 00000000 08:01 1730233                    /var/cache/fontconfig/56cf4f4769d0f4abc89a4895d7bd3ae1-le64.cache-6
7f143c157000-7f143c15d000 r--s 00000000 08:01 1730231                    /var/cache/fontconfig/b47c4e1ecd0709278f4910c18777a504-le64.cache-6
7f143c15d000-7f143c35d000 rw-p 00000000 00:00 0 
7f143c35d000-7f143c360000 ---p 00000000 00:00 0 
7f143c360000-7f143c45e000 rw-p 00000000 00:00 0 
7f143c45e000-7f143c461000 ---p 00000000 00:00 0 
7f143c461000-7f143c75f000 rw-p 00000000 00:00 0 
7f143c75f000-7f143c95f000 rw-p 00000000 00:00 0 
7f143c95f000-7f143c989000 r-xp 00000000 08:01 1408441                    /usr/lib/jvm/java-8-oracle/jre/lib/amd64/libdcpr.so
7f143c989000-7f143cb88000 ---p 0002a000 08:01 1408441                    /usr/lib/jvm/java-8-oracle/jre/lib/amd64/libdcpr.so
7f143cb88000-7f143cb89000 r--p 00029000 08:01 1408441                    /usr/lib/jvm/java-8-oracle/jre/lib/amd64/libdcpr.so
7f143cb89000-7f143cb8c000 rw-p 0002a000 08:01 1408441                    /usr/lib/jvm/java-8-oracle/jre/lib/amd64/libdcpr.so
7f143cb8c000-7f143cbf8000 r-xp 00000000 08:01 1408456                    /usr/lib/jvm/java-8-oracle/jre/lib/amd64/libt2k.so
7f143cbf8000-7f143cdf8000 ---p 0006c000 08:01 1408456                    /usr/lib/jvm/java-8-oracle/jre/lib/amd64/libt2k.so
7f143cdf8000-7f143cdfe000 r--p 0006c000 08:01 1408456                    /usr/lib/jvm/java-8-oracle/jre/lib/amd64/libt2k.so
7f143cdfe000-7f143cdff000 rw-p 00072000 08:01 1408456                    /usr/lib/jvm/java-8-oracle/jre/lib/amd64/libt2k.so
7f143cdff000-7f143cfff000 rw-p 00000000 00:00 0 
7f143cfff000-7f1440000000 rw-p 00000000 00:00 0 
7f1440000000-7f1440021000 rw-p 00000000 00:00 0 
7f1440021000-7f1444000000 ---p 00000000 00:00 0 
7f1444000000-7f1444001000 r--s 00000000 08:01 1730232                    /var/cache/fontconfig/b9d506c9ac06c20b433354fa67a72993-le64.cache-6
7f1444001000-7f1444014000 r--s 00000000 08:01 1730230                    /var/cache/fontconfig/d52a8644073d54c13679302ca1180695-le64.cache-6
7f1444014000-7f1444015000 r--s 00000000 08:01 1730229                    /var/cache/fontconfig/551ecf3b0e8b0bca0f25c0944f561853-le64.cache-6
7f1444015000-7f1444016000 r--s 00000000 08:01 1820093                    /var/cache/fontconfig/8a687c406b77f27d99abfeeba937fcce-le64.cache-6
7f1444016000-7f1444019000 ---p 00000000 00:00 0 
7f1444019000-7f1444117000 rw-p 00000000 00:00 0 
7f1444117000-7f1444118000 r--s 00000000 08:01 1820094                    /var/cache/fontconfig/087e1975ba9a574b140bb1df193bf770-le64.cache-6
7f1444118000-7f1444123000 r--s 00000000 08:01 1726198                    /var/cache/fontconfig/945677eb7aeaf62f1d50efc3fb3ec7d8-le64.cache-6
7f1444123000-7f1444129000 r--s 00000000 08:01 1730244                    /var/cache/fontconfig/2cd17615ca594fa2959ae173292e504c-le64.cache-6
7f1444129000-7f144412a000 r--s 00000000 08:01 1730243                    /var/cache/fontconfig/0d8c3b2ac0904cb8a57a757ad11a4a08-le64.cache-6
7f144412a000-7f144412e000 r--s 00000000 08:01 1739929                    /var/cache/fontconfig/de156ccd2eddbdc19d37a45b8b2aac9c-le64.cache-6
7f144412e000-7f1444143000 r--s 00000000 08:01 1730242                    /var/cache/fontconfig/04aabc0a78ac019cf9454389977116d2-le64.cache-6
7f1444143000-7f1444144000 r--s 00000000 08:01 1730241                    /var/cache/fontconfig/1ac9eb803944fde146138c791f5cc56a-le64.cache-6
7f1444144000-7f1444148000 r--s 00000000 08:01 1730240                    /var/cache/fontconfig/385c0604a188198f04d133e54aba7fe7-le64.cache-6
7f1444148000-7f1444149000 r--s 00000000 08:01 1730239                    /var/cache/fontconfig/dc05db6664285cc2f12bf69c139ae4c3-le64.cache-6
7f1444149000-7f144414e000 r--s 00000000 08:01 1730236                    /var/cache/fontconfig/8801497958630a81b71ace7c5f9b32a8-le64.cache-6
7f144414e000-7f1444152000 r--s 00000000 08:01 1739928                    /var/cache/fontconfig/c57959a16110560c8d0fcea73374aeeb-le64.cache-6
7f1444152000-7f1444159000 r--s 00000000 08:01 1730234                    /var/cache/fontconfig/3047814df9a2f067bd2d96a2b9c36e5a-le64.cache-6
7f1444159000-7f1444161000 r--s 00000000 08:01 1721585                    /var/cache/fontconfig/bf3b770c553c462765856025a94f1ce6-le64.cache-6
7f1444161000-7f1444167000 r--s 00000000 08:01 1730231                    /var/cache/fontconfig/b47c4e1ecd0709278f4910c18777a504-le64.cache-6
7f1444167000-7f144417a000 r--s 00000000 08:01 1730230                    /var/cache/fontconfig/d52a8644073d54c13679302ca1180695-le64.cache-6
7f144417a000-7f1444185000 r--s 00000000 08:01 1730228                    /var/cache/fontconfig/d589a48862398ed80a3d6066f4f56f4c-le64.cache-6
7f1444185000-7f1444190000 r--s 00000000 08:01 1730223                    /var/cache/fontconfig/83bf95040141907cd45bb53cf7c1c148-le64.cache-6
7f1444190000-7f14441a2000 r--s 00000000 08:01 1710755                    /var/cache/fontconfig/9b89f8e3dae116d678bbf48e5f21f69b-le64.cache-6
7f14441a2000-7f14441ad000 r--s 00000000 08:01 1730228                    /var/cache/fontconfig/d589a48862398ed80a3d6066f4f56f4c-le64.cache-6
7f14441ad000-7f14441ae000 r--s 00000000 08:01 1730227                    /var/cache/fontconfig/30829fa25452a46451e813d634d7f916-le64.cache-6
7f14441ae000-7f14441af000 r--s 00000000 08:01 1730226                    /var/cache/fontconfig/0c9eb80ebd1c36541ebe2852d3bb0c49-le64.cache-6
7f14441af000-7f14441b2000 r--s 00000000 08:01 1730224                    /var/cache/fontconfig/75114ca45c98e8a441da0ff356701271-le64.cache-6
7f14441b2000-7f14441bd000 r--s 00000000 08:01 1730223                    /var/cache/fontconfig/83bf95040141907cd45bb53cf7c1c148-le64.cache-6
7f14441bd000-7f14441cf000 r--s 00000000 08:01 1710755                    /var/cache/fontconfig/9b89f8e3dae116d678bbf48e5f21f69b-le64.cache-6
7f14441cf000-7f14441d8000 r--s 00000000 08:01 1820091                    /var/cache/fontconfig/d0972c3d32f097851eb916381fc38920-le64.cache-6
7f14441d8000-7f14441d9000 r--s 00000000 08:01 1820090                    /var/cache/fontconfig/c277e94e32b20404286a1ddafa5a80f0-le64.cache-6
7f14441d9000-7f14441f0000 r--s 00000000 08:01 1721579                    /var/cache/fontconfig/e13b20fdb08344e0e664864cc2ede53d-le64.cache-6
7f14441f0000-7f14441f4000 r--s 00000000 08:01 1717090                    /var/cache/fontconfig/7ef2298fde41cc6eeb7af42e48b7d293-le64.cache-6
7f14441f4000-7f14441f5000 r--s 00000000 08:01 1737369                    /var/cache/fontconfig/e0aa53bcfa504e64f87823c16bc01eb6-le64.cache-6
7f14441f5000-7f1444216000 r--s 00000000 08:01 1714109                    /var/cache/fontconfig/467c019e582ee353435ea5c21d137ef6-le64.cache-6
7f1444216000-7f1444232000 r--s 00393000 08:01 1408374                    /usr/lib/jvm/java-8-oracle/jre/lib/ext/cldrdata.jar
7f1444232000-7f144423c000 r--s 00116000 08:01 1408381                    /usr/lib/jvm/java-8-oracle/jre/lib/ext/localedata.jar
7f144423c000-7f144423f000 ---p 00000000 00:00 0 
7f144423f000-7f1444275000 rw-p 00000000 00:00 0 
7f1444275000-7f1444278000 ---p 00000000 00:00 0 
7f1444278000-7f1444376000 rw-p 00000000 00:00 0 
7f1444376000-7f1444378000 r--s 00002000 08:01 525646                     /home/user/contiki/tools/cooja/apps/serial2pty/lib/serial2pty.jar
7f1444378000-7f144437a000 r--s 00008000 08:01 405835                     /home/user/contiki/tools/cooja/apps/serial_socket/lib/serial_socket.jar
7f144437a000-7f144437b000 r--s 00003000 08:01 405839                     /home/user/contiki/tools/cooja/apps/powertracker/lib/powertracker.jar
7f144437b000-7f144437d000 r--s 00010000 08:01 405858                     /home/user/contiki/tools/cooja/apps/mspsim/lib/jipv6.jar
7f144437d000-7f144437e000 r--s 00004000 08:01 405857                     /home/user/contiki/tools/cooja/apps/mspsim/lib/coffee.jar
7f144437e000-7f144438a000 r--s 000eb000 08:01 405859                     /home/user/contiki/tools/cooja/apps/mspsim/lib/mspsim.jar
7f144438a000-7f1444390000 r--s 00063000 08:01 405856                     /home/user/contiki/tools/cooja/apps/mspsim/lib/cooja_mspsim.jar
7f1444390000-7f1444392000 r--s 0001e000 08:01 405869                     /home/user/contiki/tools/cooja/apps/mrm/lib/mrm.jar
7f1444392000-7f1444393000 r--s 00001000 08:01 411529                     /home/user/contiki/tools/cooja/apps/mobility/lib/mobility.jar
7f1444393000-7f1444394000 r--s 00002000 08:01 404701                     /home/user/contiki/tools/cooja/apps/collect-view/cooja-collect-view.jar
7f1444394000-7f14443ce000 r--s 001e1000 08:01 405880                     /home/user/contiki/tools/cooja/apps/avrora/lib/avrora-small.jar
7f14443ce000-7f14443cf000 r--s 00008000 08:01 405879                     /home/user/contiki/tools/cooja/apps/avrora/lib/cooja_avrora.jar
7f14443cf000-7f14443d2000 ---p 00000000 00:00 0 
7f14443d2000-7f14444d0000 rw-p 00000000 00:00 0 
7f14444d0000-7f14444e3000 r--s 00345000 08:01 1408276                    /usr/lib/jvm/java-8-oracle/jre/lib/resources.jar
7f14444e3000-7f14446e3000 rw-p 00000000 00:00 0 
7f14446e3000-7f14446e6000 ---p 00000000 00:00 0 
7f14446e6000-7f14447e4000 rw-p 00000000 00:00 0 
7f14447e4000-7f14447e7000 ---p 00000000 00:00 0 
7f14447e7000-7f1444ae5000 rw-p 00000000 00:00 0 
7f1444ae5000-7f1444af6000 r-xp 00000000 08:01 1408491                    /usr/lib/jvm/java-8-oracle/jre/lib/amd64/libnio.so
7f1444af6000-7f1444cf5000 ---p 00011000 08:01 1408491                    /usr/lib/jvm/java-8-oracle/jre/lib/amd64/libnio.so
7f1444cf5000-7f1444cf6000 r--p 00010000 08:01 1408491                    /usr/lib/jvm/java-8-oracle/jre/lib/amd64/libnio.so
7f1444cf6000-7f1444cf7000 rw-p 00011000 08:01 1408491                    /usr/lib/jvm/java-8-oracle/jre/lib/amd64/libnio.so
7f1444cf7000-7f1444d0d000 r-xp 00000000 08:01 1408488                    /usr/lib/jvm/java-8-oracle/jre/lib/amd64/libnet.so
7f1444d0d000-7f1444f0d000 ---p 00016000 08:01 1408488                    /usr/lib/jvm/java-8-oracle/jre/lib/amd64/libnet.so
7f1444f0d000-7f1444f0e000 r--p 00016000 08:01 1408488                    /usr/lib/jvm/java-8-oracle/jre/lib/amd64/libnet.so
7f1444f0e000-7f1444f0f000 rw-p 00017000 08:01 1408488                    /usr/lib/jvm/java-8-oracle/jre/lib/amd64/libnet.so
7f1444f0f000-7f1444f12000 ---p 00000000 00:00 0 
7f1444f12000-7f1445010000 rw-p 00000000 00:00 0 
7f1445010000-7f1445015000 r-xp 00000000 08:01 1321260                    /usr/lib/x86_64-linux-gnu/libXfixes.so.3.1.0
7f1445015000-7f1445214000 ---p 00005000 08:01 1321260                    /usr/lib/x86_64-linux-gnu/libXfixes.so.3.1.0
7f1445214000-7f1445215000 r--p 00004000 08:01 1321260                    /usr/lib/x86_64-linux-gnu/libXfixes.so.3.1.0
7f1445215000-7f1445216000 rw-p 00005000 08:01 1321260                    /usr/lib/x86_64-linux-gnu/libXfixes.so.3.1.0
7f1445216000-7f144521f000 r-xp 00000000 08:01 1311053                    /usr/lib/x86_64-linux-gnu/libXcursor.so.1.0.2
7f144521f000-7f144541e000 ---p 00009000 08:01 1311053                    /usr/lib/x86_64-linux-gnu/libXcursor.so.1.0.2
7f144541e000-7f144541f000 r--p 00008000 08:01 1311053                    /usr/lib/x86_64-linux-gnu/libXcursor.so.1.0.2
7f144541f000-7f1445420000 rw-p 00009000 08:01 1311053                    /usr/lib/x86_64-linux-gnu/libXcursor.so.1.0.2
7f1445420000-7f1445423000 ---p 00000000 00:00 0 
7f1445423000-7f1445521000 rw-p 00000000 00:00 0 
7f1445521000-7f1445537000 r-xp 00000000 08:01 529514                     /lib/x86_64-linux-gnu/libgcc_s.so.1
7f1445537000-7f1445736000 ---p 00016000 08:01 529514                     /lib/x86_64-linux-gnu/libgcc_s.so.1
7f1445736000-7f1445737000 rw-p 00015000 08:01 529514                     /lib/x86_64-linux-gnu/libgcc_s.so.1
7f1445737000-7f1445794000 r-xp 00000000 08:01 1408468                    /usr/lib/jvm/java-8-oracle/jre/lib/amd64/libfontmanager.so
7f1445794000-7f1445994000 ---p 0005d000 08:01 1408468                    /usr/lib/jvm/java-8-oracle/jre/lib/amd64/libfontmanager.so
7f1445994000-7f1445997000 r--p 0005d000 08:01 1408468                    /usr/lib/jvm/java-8-oracle/jre/lib/amd64/libfontmanager.so
7f1445997000-7f1445998000 rw-p 00060000 08:01 1408468                    /usr/lib/jvm/java-8-oracle/jre/lib/amd64/libfontmanager.so
7f1445998000-7f1445b98000 rw-p 00000000 00:00 0 
7f1445b98000-7f1445b9d000 r-xp 00000000 08:01 1321256                    /usr/lib/x86_64-linux-gnu/libXdmcp.so.6.0.0
7f1445b9d000-7f1445d9c000 ---p 00005000 08:01 1321256                    /usr/lib/x86_64-linux-gnu/libXdmcp.so.6.0.0
7f1445d9c000-7f1445d9d000 r--p 00004000 08:01 1321256                    /usr/lib/x86_64-linux-gnu/libXdmcp.so.6.0.0
7f1445d9d000-7f1445d9e000 rw-p 00005000 08:01 1321256                    /usr/lib/x86_64-linux-gnu/libXdmcp.so.6.0.0
7f1445d9e000-7f1445da0000 r-xp 00000000 08:01 1321245                    /usr/lib/x86_64-linux-gnu/libXau.so.6.0.0
7f1445da0000-7f1445fa0000 ---p 00002000 08:01 1321245                    /usr/lib/x86_64-linux-gnu/libXau.so.6.0.0
7f1445fa0000-7f1445fa1000 r--p 00002000 08:01 1321245                    /usr/lib/x86_64-linux-gnu/libXau.so.6.0.0
7f1445fa1000-7f1445fa2000 rw-p 00003000 08:01 1321245                    /usr/lib/x86_64-linux-gnu/libXau.so.6.0.0
7f1445fa2000-7f1445fc3000 r-xp 00000000 08:01 1322623                    /usr/lib/x86_64-linux-gnu/libxcb.so.1.1.0
7f1445fc3000-7f14461c2000 ---p 00021000 08:01 1322623                    /usr/lib/x86_64-linux-gnu/libxcb.so.1.1.0
7f14461c2000-7f14461c3000 r--p 00020000 08:01 1322623                    /usr/lib/x86_64-linux-gnu/libxcb.so.1.1.0
7f14461c3000-7f14461c4000 rw-p 00021000 08:01 1322623                    /usr/lib/x86_64-linux-gnu/libxcb.so.1.1.0
7f14461c4000-7f14461d3000 r-xp 00000000 08:01 1321266                    /usr/lib/x86_64-linux-gnu/libXi.so.6.1.0
7f14461d3000-7f14463d2000 ---p 0000f000 08:01 1321266                    /usr/lib/x86_64-linux-gnu/libXi.so.6.1.0
7f14463d2000-7f14463d3000 r--p 0000e000 08:01 1321266                    /usr/lib/x86_64-linux-gnu/libXi.so.6.1.0
7f14463d3000-7f14463d4000 rw-p 0000f000 08:01 1321266                    /usr/lib/x86_64-linux-gnu/libXi.so.6.1.0
7f14463d4000-7f14463d9000 r-xp 00000000 08:01 1321284                    /usr/lib/x86_64-linux-gnu/libXtst.so.6.1.0
7f14463d9000-7f14465d8000 ---p 00005000 08:01 1321284                    /usr/lib/x86_64-linux-gnu/libXtst.so.6.1.0
7f14465d8000-7f14465d9000 r--p 00004000 08:01 1321284                    /usr/lib/x86_64-linux-gnu/libXtst.so.6.1.0
7f14465d9000-7f14465da000 rw-p 00005000 08:01 1321284                    /usr/lib/x86_64-linux-gnu/libXtst.so.6.1.0
7f14465da000-7f14465e3000 r-xp 00000000 08:01 1321278                    /usr/lib/x86_64-linux-gnu/libXrender.so.1.3.0
7f14465e3000-7f14467e2000 ---p 00009000 08:01 1321278                    /usr/lib/x86_64-linux-gnu/libXrender.so.1.3.0
7f14467e2000-7f14467e3000 r--p 00008000 08:01 1321278                    /usr/lib/x86_64-linux-gnu/libXrender.so.1.3.0
7f14467e3000-7f14467e4000 rw-p 00009000 08:01 1321278                    /usr/lib/x86_64-linux-gnu/libXrender.so.1.3.0
7f14467e4000-7f1446919000 r-xp 00000000 08:01 1331980                    /usr/lib/x86_64-linux-gnu/libX11.so.6.3.0
7f1446919000-7f1446b19000 ---p 00135000 08:01 1331980                    /usr/lib/x86_64-linux-gnu/libX11.so.6.3.0
7f1446b19000-7f1446b1a000 r--p 00135000 08:01 1331980                    /usr/lib/x86_64-linux-gnu/libX11.so.6.3.0
7f1446b1a000-7f1446b1e000 rw-p 00136000 08:01 1331980                    /usr/lib/x86_64-linux-gnu/libX11.so.6.3.0
7f1446b1e000-7f1446b2f000 r-xp 00000000 08:01 1321258                    /usr/lib/x86_64-linux-gnu/libXext.so.6.4.0
7f1446b2f000-7f1446d2e000 ---p 00011000 08:01 1321258                    /usr/lib/x86_64-linux-gnu/libXext.so.6.4.0
7f1446d2e000-7f1446d2f000 r--p 00010000 08:01 1321258                    /usr/lib/x86_64-linux-gnu/libXext.so.6.4.0
7f1446d2f000-7f1446d30000 rw-p 00011000 08:01 1321258                    /usr/lib/x86_64-linux-gnu/libXext.so.6.4.0
7f1446d30000-7f1446dd0000 r-xp 00000000 08:01 1408481                    /usr/lib/jvm/java-8-oracle/jre/lib/amd64/libawt.so
7f1446dd0000-7f1446fcf000 ---p 000a0000 08:01 1408481                    /usr/lib/jvm/java-8-oracle/jre/lib/amd64/libawt.so
7f1446fcf000-7f1446fd0000 r--p 0009f000 08:01 1408481                    /usr/lib/jvm/java-8-oracle/jre/lib/amd64/libawt.so
7f1446fd0000-7f1446fdb000 rw-p 000a0000 08:01 1408481                    /usr/lib/jvm/java-8-oracle/jre/lib/amd64/libawt.so
7f1446fdb000-7f1448000000 rw-p 00000000 00:00 0 
7f1448000000-7f1448f13000 rw-p 00000000 00:00 0 
7f1448f13000-7f144c000000 ---p 00000000 00:00 0 
7f144c000000-7f144c003000 r--s 00000000 08:01 1730238                    /var/cache/fontconfig/767a8244fc0220cfb567a839d0392e0b-le64.cache-6
7f144c003000-7f144c01a000 r--s 00000000 08:01 1721579                    /var/cache/fontconfig/e13b20fdb08344e0e664864cc2ede53d-le64.cache-6
7f144c01a000-7f144c06d000 r-xp 00000000 08:01 1408495                    /usr/lib/jvm/java-8-oracle/jre/lib/amd64/libawt_xawt.so
7f144c06d000-7f144c26c000 ---p 00053000 08:01 1408495                    /usr/lib/jvm/java-8-oracle/jre/lib/amd64/libawt_xawt.so
7f144c26c000-7f144c26d000 r--p 00052000 08:01 1408495                    /usr/lib/jvm/java-8-oracle/jre/lib/amd64/libawt_xawt.so
7f144c26d000-7f144c270000 rw-p 00053000 08:01 1408495                    /usr/lib/jvm/java-8-oracle/jre/lib/amd64/libawt_xawt.so
7f144c270000-7f144c271000 rw-p 00000000 00:00 0 
7f144c271000-7f144c272000 ---p 00000000 00:00 0 
7f144c272000-7f144c372000 rw-p 00000000 00:00 0 
7f144c372000-7f144c375000 ---p 00000000 00:00 0 
7f144c375000-7f144c473000 rw-p 00000000 00:00 0 
7f144c473000-7f144c476000 ---p 00000000 00:00 0 
7f144c476000-7f144c574000 rw-p 00000000 00:00 0 
7f144c574000-7f144c577000 ---p 00000000 00:00 0 
7f144c577000-7f144c675000 rw-p 00000000 00:00 0 
7f144c675000-7f144c678000 ---p 00000000 00:00 0 
7f144c678000-7f144c776000 rw-p 00000000 00:00 0 
7f144c776000-7f144c779000 ---p 00000000 00:00 0 
7f144c779000-7f144c877000 rw-p 00000000 00:00 0 
7f144c877000-7f144cb4f000 r--p 00000000 08:01 1314277                    /usr/lib/locale/locale-archive
7f144cb4f000-7f144cb52000 ---p 00000000 00:00 0 
7f144cb52000-7f144cc50000 rw-p 00000000 00:00 0 
7f144cc50000-7f144cc53000 ---p 00000000 00:00 0 
7f144cc53000-7f144cd51000 rw-p 00000000 00:00 0 
7f144cd51000-7f144cd52000 ---p 00000000 00:00 0 
7f144cd52000-7f144e3b6000 rw-p 00000000 00:00 0 
7f144e3b6000-7f144e590000 r--s 03d6f000 08:01 1408272                    /usr/lib/jvm/java-8-oracle/jre/lib/rt.jar
7f144e590000-7f144ed90000 rw-p 00000000 00:00 0 
7f144ed90000-7f144ed91000 ---p 00000000 00:00 0 
7f144ed91000-7f144ee91000 rw-p 00000000 00:00 0 
7f144ee91000-7f144ee92000 ---p 00000000 00:00 0 
7f144ee92000-7f144ef92000 rw-p 00000000 00:00 0 
7f144ef92000-7f144ef93000 ---p 00000000 00:00 0 
7f144ef93000-7f144f093000 rw-p 00000000 00:00 0 
7f144f093000-7f144f094000 ---p 00000000 00:00 0 
7f144f094000-7f144f6c8000 rw-p 00000000 00:00 0 
7f144f6c8000-7f144fc3f000 ---p 00000000 00:00 0 
7f144fc3f000-7f1450173000 rw-p 00000000 00:00 0 
7f1450173000-7f14506e9000 ---p 00000000 00:00 0 
7f14506e9000-7f1450bbe000 rw-p 00000000 00:00 0 
7f1450bbe000-7f1450c3f000 ---p 00000000 00:00 0 
7f1450c3f000-7f1450cc2000 rw-p 00000000 00:00 0 
7f1450cc2000-7f1451000000 ---p 00000000 00:00 0 
7f1451000000-7f1453070000 rwxp 00000000 00:00 0 
7f1453070000-7f1460000000 ---p 00000000 00:00 0 
7f1460000000-7f1460504000 rw-p 00000000 00:00 0 
7f1460504000-7f1464000000 ---p 00000000 00:00 0 
7f1464000000-7f1464001000 r--s 00000000 08:01 1722666                    /var/cache/fontconfig/4794a0821666d79190d59a36cb4f44b5-le64.cache-6
7f1464001000-7f1464002000 r--s 00000000 08:01 1730235                    /var/cache/fontconfig/bab58bb527bb656aaa9f116d68a48d89-le64.cache-6
7f1464002000-7f1464003000 r--s 00000000 08:01 1730233                    /var/cache/fontconfig/56cf4f4769d0f4abc89a4895d7bd3ae1-le64.cache-6
7f1464003000-7f1464004000 r--s 00000000 08:01 1730232                    /var/cache/fontconfig/b9d506c9ac06c20b433354fa67a72993-le64.cache-6
7f1464004000-7f146400d000 r--s 00000000 08:01 1820091                    /var/cache/fontconfig/d0972c3d32f097851eb916381fc38920-le64.cache-6
7f146400d000-7f146402e000 r--s 00000000 08:01 1714109                    /var/cache/fontconfig/467c019e582ee353435ea5c21d137ef6-le64.cache-6
7f146402e000-7f14640ff000 rw-p 00000000 00:00 0 
7f14640ff000-7f1464100000 ---p 00000000 00:00 0 
7f1464100000-7f1464200000 rw-p 00000000 00:00 0 
7f1464200000-7f1464201000 ---p 00000000 00:00 0 
7f1464201000-7f1464301000 rw-p 00000000 00:00 0 
7f1464301000-7f146431c000 r-xp 00000000 08:01 1408484                    /usr/lib/jvm/java-8-oracle/jre/lib/amd64/libzip.so
7f146431c000-7f146451b000 ---p 0001b000 08:01 1408484                    /usr/lib/jvm/java-8-oracle/jre/lib/amd64/libzip.so
7f146451b000-7f146451c000 r--p 0001a000 08:01 1408484                    /usr/lib/jvm/java-8-oracle/jre/lib/amd64/libzip.so
7f146451c000-7f146451d000 rw-p 0001b000 08:01 1408484                    /usr/lib/jvm/java-8-oracle/jre/lib/amd64/libzip.so
7f146451d000-7f1464528000 r-xp 00000000 08:01 526492                     /lib/x86_64-linux-gnu/libnss_files-2.23.so
7f1464528000-7f1464727000 ---p 0000b000 08:01 526492                     /lib/x86_64-linux-gnu/libnss_files-2.23.so
7f1464727000-7f1464728000 r--p 0000a000 08:01 526492                     /lib/x86_64-linux-gnu/libnss_files-2.23.so
7f1464728000-7f1464729000 rw-p 0000b000 08:01 526492                     /lib/x86_64-linux-gnu/libnss_files-2.23.so
7f1464729000-7f146472f000 rw-p 00000000 00:00 0 
7f146472f000-7f146473a000 r-xp 00000000 08:01 526263                     /lib/x86_64-linux-gnu/libnss_nis-2.23.so
7f146473a000-7f1464939000 ---p 0000b000 08:01 526263                     /lib/x86_64-linux-gnu/libnss_nis-2.23.so
7f1464939000-7f146493a000 r--p 0000a000 08:01 526263                     /lib/x86_64-linux-gnu/libnss_nis-2.23.so
7f146493a000-7f146493b000 rw-p 0000b000 08:01 526263                     /lib/x86_64-linux-gnu/libnss_nis-2.23.so
7f146493b000-7f1464951000 r-xp 00000000 08:01 526484                     /lib/x86_64-linux-gnu/libnsl-2.23.so
7f1464951000-7f1464b50000 ---p 00016000 08:01 526484                     /lib/x86_64-linux-gnu/libnsl-2.23.so
7f1464b50000-7f1464b51000 r--p 00015000 08:01 526484                     /lib/x86_64-linux-gnu/libnsl-2.23.so
7f1464b51000-7f1464b52000 rw-p 00016000 08:01 526484                     /lib/x86_64-linux-gnu/libnsl-2.23.so
7f1464b52000-7f1464b54000 rw-p 00000000 00:00 0 
7f1464b54000-7f1464b5c000 r-xp 00000000 08:01 526508                     /lib/x86_64-linux-gnu/libnss_compat-2.23.so
7f1464b5c000-7f1464d5b000 ---p 00008000 08:01 526508                     /lib/x86_64-linux-gnu/libnss_compat-2.23.so
7f1464d5b000-7f1464d5c000 r--p 00007000 08:01 526508                     /lib/x86_64-linux-gnu/libnss_compat-2.23.so
7f1464d5c000-7f1464d5d000 rw-p 00008000 08:01 526508                     /lib/x86_64-linux-gnu/libnss_compat-2.23.so
7f1464d5d000-7f1464d89000 r-xp 00000000 08:01 1408478                    /usr/lib/jvm/java-8-oracle/jre/lib/amd64/libjava.so
7f1464d89000-7f1464f89000 ---p 0002c000 08:01 1408478                    /usr/lib/jvm/java-8-oracle/jre/lib/amd64/libjava.so
7f1464f89000-7f1464f8a000 r--p 0002c000 08:01 1408478                    /usr/lib/jvm/java-8-oracle/jre/lib/amd64/libjava.so
7f1464f8a000-7f1464f8c000 rw-p 0002d000 08:01 1408478                    /usr/lib/jvm/java-8-oracle/jre/lib/amd64/libjava.so
7f1464f8c000-7f1464f99000 r-xp 00000000 08:01 1408483                    /usr/lib/jvm/java-8-oracle/jre/lib/amd64/libverify.so
7f1464f99000-7f1465198000 ---p 0000d000 08:01 1408483                    /usr/lib/jvm/java-8-oracle/jre/lib/amd64/libverify.so
7f1465198000-7f146519a000 r--p 0000c000 08:01 1408483                    /usr/lib/jvm/java-8-oracle/jre/lib/amd64/libverify.so
7f146519a000-7f146519b000 rw-p 0000e000 08:01 1408483                    /usr/lib/jvm/java-8-oracle/jre/lib/amd64/libverify.so
7f146519b000-7f14651a2000 r-xp 00000000 08:01 526249                     /lib/x86_64-linux-gnu/librt-2.23.so
7f14651a2000-7f14653a1000 ---p 00007000 08:01 526249                     /lib/x86_64-linux-gnu/librt-2.23.so
7f14653a1000-7f14653a2000 r--p 00006000 08:01 526249                     /lib/x86_64-linux-gnu/librt-2.23.so
7f14653a2000-7f14653a3000 rw-p 00007000 08:01 526249                     /lib/x86_64-linux-gnu/librt-2.23.so
7f14653a3000-7f14654ab000 r-xp 00000000 08:01 526516                     /lib/x86_64-linux-gnu/libm-2.23.so
7f14654ab000-7f14656aa000 ---p 00108000 08:01 526516                     /lib/x86_64-linux-gnu/libm-2.23.so
7f14656aa000-7f14656ab000 r--p 00107000 08:01 526516                     /lib/x86_64-linux-gnu/libm-2.23.so
7f14656ab000-7f14656ac000 rw-p 00108000 08:01 526516                     /lib/x86_64-linux-gnu/libm-2.23.so
7f14656ac000-7f1466394000 r-xp 00000000 08:01 1408504                    /usr/lib/jvm/java-8-oracle/jre/lib/amd64/server/libjvm.so
7f1466394000-7f1466593000 ---p 00ce8000 08:01 1408504                    /usr/lib/jvm/java-8-oracle/jre/lib/amd64/server/libjvm.so
7f1466593000-7f1466629000 r--p 00ce7000 08:01 1408504                    /usr/lib/jvm/java-8-oracle/jre/lib/amd64/server/libjvm.so
7f1466629000-7f146665a000 rw-p 00d7d000 08:01 1408504                    /usr/lib/jvm/java-8-oracle/jre/lib/amd64/server/libjvm.so
7f146665a000-7f1466695000 rw-p 00000000 00:00 0 
7f1466695000-7f1466855000 r-xp 00000000 08:01 526504                     /lib/x86_64-linux-gnu/libc-2.23.so
7f1466855000-7f1466a55000 ---p 001c0000 08:01 526504                     /lib/x86_64-linux-gnu/libc-2.23.so
7f1466a55000-7f1466a59000 r--p 001c0000 08:01 526504                     /lib/x86_64-linux-gnu/libc-2.23.so
7f1466a59000-7f1466a5b000 rw-p 001c4000 08:01 526504                     /lib/x86_64-linux-gnu/libc-2.23.so
7f1466a5b000-7f1466a5f000 rw-p 00000000 00:00 0 
7f1466a5f000-7f1466a62000 r-xp 00000000 08:01 526253                     /lib/x86_64-linux-gnu/libdl-2.23.so
7f1466a62000-7f1466c61000 ---p 00003000 08:01 526253                     /lib/x86_64-linux-gnu/libdl-2.23.so
7f1466c61000-7f1466c62000 r--p 00002000 08:01 526253                     /lib/x86_64-linux-gnu/libdl-2.23.so
7f1466c62000-7f1466c63000 rw-p 00003000 08:01 526253                     /lib/x86_64-linux-gnu/libdl-2.23.so
7f1466c63000-7f1466c7a000 r-xp 00000000 08:01 1408501                    /usr/lib/jvm/java-8-oracle/jre/lib/amd64/jli/libjli.so
7f1466c7a000-7f1466e79000 ---p 00017000 08:01 1408501                    /usr/lib/jvm/java-8-oracle/jre/lib/amd64/jli/libjli.so
7f1466e79000-7f1466e7a000 r--p 00016000 08:01 1408501                    /usr/lib/jvm/java-8-oracle/jre/lib/amd64/jli/libjli.so
7f1466e7a000-7f1466e7b000 rw-p 00017000 08:01 1408501                    /usr/lib/jvm/java-8-oracle/jre/lib/amd64/jli/libjli.so
7f1466e7b000-7f1466e93000 r-xp 00000000 08:01 526257                     /lib/x86_64-linux-gnu/libpthread-2.23.so
7f1466e93000-7f1467092000 ---p 00018000 08:01 526257                     /lib/x86_64-linux-gnu/libpthread-2.23.so
7f1467092000-7f1467093000 r--p 00017000 08:01 526257                     /lib/x86_64-linux-gnu/libpthread-2.23.so
7f1467093000-7f1467094000 rw-p 00018000 08:01 526257                     /lib/x86_64-linux-gnu/libpthread-2.23.so
7f1467094000-7f1467098000 rw-p 00000000 00:00 0 
7f1467098000-7f14670be000 r-xp 00000000 08:01 526255                     /lib/x86_64-linux-gnu/ld-2.23.so
7f14670be000-7f14670bf000 r--s 00000000 08:01 1730229                    /var/cache/fontconfig/551ecf3b0e8b0bca0f25c0944f561853-le64.cache-6
7f14670bf000-7f14670c0000 r--s 00000000 08:01 1820093                    /var/cache/fontconfig/8a687c406b77f27d99abfeeba937fcce-le64.cache-6
7f14670c0000-7f14670c1000 r--s 00000000 08:01 1730227                    /var/cache/fontconfig/30829fa25452a46451e813d634d7f916-le64.cache-6
7f14670c1000-7f14670c2000 r--s 00000000 08:01 1730226                    /var/cache/fontconfig/0c9eb80ebd1c36541ebe2852d3bb0c49-le64.cache-6
7f14670c2000-7f14670c5000 r--s 00000000 08:01 1730224                    /var/cache/fontconfig/75114ca45c98e8a441da0ff356701271-le64.cache-6
7f14670c5000-7f14670c9000 r--s 00000000 08:01 1717090                    /var/cache/fontconfig/7ef2298fde41cc6eeb7af42e48b7d293-le64.cache-6
7f14670c9000-7f14670e6000 r--s 0014f000 08:01 404589                     /home/user/contiki/tools/cooja/dist/lib/swingx-all-1.6.4.jar
7f14670e6000-7f14670fa000 r--s 0010b000 08:01 399889                     /home/user/contiki/tools/cooja/dist/cooja.jar
7f14670fa000-7f146719a000 rw-p 00000000 00:00 0 
7f146719a000-7f146719d000 ---p 00000000 00:00 0 
7f146719d000-7f14672a0000 rw-p 00000000 00:00 0 
7f14672a0000-7f14672a1000 r--s 00000000 08:01 1820090                    /var/cache/fontconfig/c277e94e32b20404286a1ddafa5a80f0-le64.cache-6
7f14672a1000-7f14672a2000 r--s 00000000 08:01 1737369                    /var/cache/fontconfig/e0aa53bcfa504e64f87823c16bc01eb6-le64.cache-6
7f14672a2000-7f14672a9000 r--s 0005b000 08:01 404594                     /home/user/contiki/tools/cooja/dist/lib/jsyntaxpane.jar
7f14672a9000-7f14672ac000 r--s 00022000 08:01 404596                     /home/user/contiki/tools/cooja/dist/lib/jdom.jar
7f14672ac000-7f14672b3000 r--s 0004f000 08:01 404591                     /home/user/contiki/tools/cooja/dist/lib/log4j.jar
7f14672b3000-7f14672bb000 rw-s 00000000 08:01 921621                     /tmp/hsperfdata_user/5070
7f14672bb000-7f14672bc000 rw-p 00000000 00:00 0 
7f14672bc000-7f14672bd000 ---p 00000000 00:00 0 
7f14672bd000-7f14672be000 r--p 00025000 08:01 526255                     /lib/x86_64-linux-gnu/ld-2.23.so
7f14672be000-7f14672bf000 rw-p 00026000 08:01 526255                     /lib/x86_64-linux-gnu/ld-2.23.so
7f14672bf000-7f14672c0000 rw-p 00000000 00:00 0 
7ffcc8653000-7ffcc8675000 rw-p 00000000 00:00 0                          [stack]
7ffcc8724000-7ffcc8726000 r--p 00000000 00:00 0                          [vvar]
7ffcc8726000-7ffcc8728000 r-xp 00000000 00:00 0                          [vdso]
ffffffffff600000-ffffffffff601000 r-xp 00000000 00:00 0                  [vsyscall]

VM Arguments:
jvm_args: -Xmx8192m 
java_command: /home/user/contiki/tools/cooja/dist/cooja.jar
java_class_path (initial): /home/user/contiki/tools/cooja/dist/cooja.jar
Launcher Type: SUN_STANDARD

Environment Variables:
JAVA_HOME=/usr/lib/jvm/java-8-openjdk-amd64
CLASSPATH=:/usr/src/tinyos/support/sdk/java/tinyos.jar
PATH=/usr/local/bin/gcf/src:/usr/local/bin/gcf/examples:/opt/msp430-47-expr/bin/:/home/user/bin:/home/user/.local/bin:/usr/local/sbin:/usr/local/bin:/usr/sbin:/usr/bin:/sbin:/bin:/usr/games:/usr/local/games:/snap/bin:/usr/lib/jvm/java-8-oracle/bin:/usr/lib/jvm/java-8-oracle/db/bin:/usr/lib/jvm/java-8-oracle/jre/bin
SHELL=/bin/bash
DISPLAY=:0

Signal Handlers:
SIGSEGV: [libjvm.so+0xad3e60], sa_mask[0]=11111111011111111101111111111110, sa_flags=SA_RESTART|SA_SIGINFO
SIGBUS: [libjvm.so+0xad3e60], sa_mask[0]=11111111011111111101111111111110, sa_flags=SA_RESTART|SA_SIGINFO
SIGFPE: [libjvm.so+0x90b880], sa_mask[0]=11111111011111111101111111111110, sa_flags=SA_RESTART|SA_SIGINFO
SIGPIPE: [libjvm.so+0x90b880], sa_mask[0]=11111111011111111101111111111110, sa_flags=SA_RESTART|SA_SIGINFO
SIGXFSZ: [libjvm.so+0x90b880], sa_mask[0]=11111111011111111101111111111110, sa_flags=SA_RESTART|SA_SIGINFO
SIGILL: [libjvm.so+0x90b880], sa_mask[0]=11111111011111111101111111111110, sa_flags=SA_RESTART|SA_SIGINFO
SIGUSR1: SIG_DFL, sa_mask[0]=00000000000000000000000000000000, sa_flags=none
SIGUSR2: [libjvm.so+0x90b750], sa_mask[0]=00000000000000000000000000000000, sa_flags=SA_RESTART|SA_SIGINFO
SIGHUP: [libjvm.so+0x90bd70], sa_mask[0]=11111111011111111101111111111110, sa_flags=SA_RESTART|SA_SIGINFO
SIGINT: [libjvm.so+0x90bd70], sa_mask[0]=11111111011111111101111111111110, sa_flags=SA_RESTART|SA_SIGINFO
SIGTERM: [libjvm.so+0x90bd70], sa_mask[0]=11111111011111111101111111111110, sa_flags=SA_RESTART|SA_SIGINFO
SIGQUIT: [libjvm.so+0x90bd70], sa_mask[0]=11111111011111111101111111111110, sa_flags=SA_RESTART|SA_SIGINFO


---------------  S Y S T E M  ---------------

OS:DISTRIB_ID=Ubuntu
DISTRIB_RELEASE=16.04
DISTRIB_CODENAME=xenial
DISTRIB_DESCRIPTION="Ubuntu 16.04.6 LTS"

uname:Linux 4.4.0-184-generic #214-Ubuntu SMP Thu Jun 4 10:14:11 UTC 2020 x86_64
libc:glibc 2.23 NPTL 2.23 
rlimit: STACK 8192k, CORE 0k, NPROC 48325, NOFILE 1048576, AS infinity
load average:1.63 1.04 0.63

/proc/meminfo:
MemTotal:       12415048 kB
MemFree:          148880 kB
MemAvailable:     112532 kB
Buffers:           35068 kB
Cached:           351864 kB
SwapCached:            0 kB
Active:          7910188 kB
Inactive:         272148 kB
Active(anon):    7831180 kB
Inactive(anon):   190556 kB
Active(file):      79008 kB
Inactive(file):    81592 kB
Unevictable:     3359080 kB
Mlocked:         3359080 kB
SwapTotal:             0 kB
SwapFree:              0 kB
Dirty:                28 kB
Writeback:             0 kB
AnonPages:      11155156 kB
Mapped:           277192 kB
Shmem:            201212 kB
Slab:             159720 kB
SReclaimable:      74024 kB
SUnreclaim:        85696 kB
KernelStack:       17808 kB
PageTables:        66144 kB
NFS_Unstable:          0 kB
Bounce:                0 kB
WritebackTmp:          0 kB
CommitLimit:     6207524 kB
Committed_AS:   15869164 kB
VmallocTotal:   34359738367 kB
VmallocUsed:           0 kB
VmallocChunk:          0 kB
HardwareCorrupted:     0 kB
AnonHugePages:         0 kB
CmaTotal:              0 kB
CmaFree:               0 kB
HugePages_Total:       0
HugePages_Free:        0
HugePages_Rsvd:        0
HugePages_Surp:        0
Hugepagesize:       2048 kB
DirectMap4k:      251712 kB
DirectMap2M:     8267776 kB
DirectMap1G:     5242880 kB

container (cgroup) information:
container_type: cgroupv1
cpu_cpuset_cpus: 0-5
cpu_memory_nodes: 0
active_processor_count: 6
cpu_quota: -1
cpu_period: 100000
cpu_shares: -1
memory_limit_in_bytes: -1
memory_and_swap_limit_in_bytes: -2
memory_soft_limit_in_bytes: -1
memory_usage_in_bytes: 7801294848
memory_max_usage_in_bytes: 7802515456


CPU:total 6 (initial active 6) (6 cores per cpu, 1 threads per core) family 6 model 142 stepping 10, cmov, cx8, fxsr, mmx, sse, sse2, sse3, ssse3, sse4.1, sse4.2, popcnt, avx, avx2, aes, clmul, erms, 3dnowpref, lzcnt, tsc, tscinvbit, bmi1, bmi2, adx

/proc/cpuinfo:
processor	: 0
vendor_id	: GenuineIntel
cpu family	: 6
model		: 142
model name	: Intel(R) Core(TM) i7-8550U CPU @ 1.80GHz
stepping	: 10
microcode	: 0xb4
cpu MHz		: 1991.999
cache size	: 8192 KB
physical id	: 0
siblings	: 6
core id		: 0
cpu cores	: 6
apicid		: 0
initial apicid	: 0
fpu		: yes
fpu_exception	: yes
cpuid level	: 22
wp		: yes
flags		: fpu vme de pse tsc msr pae mce cx8 apic sep mtrr pge mca cmov pat pse36 clflush mmx fxsr sse sse2 ss ht syscall nx pdpe1gb rdtscp lm constant_tsc arch_perfmon nopl xtopology tsc_reliable nonstop_tsc pni pclmulqdq vmx ssse3 fma cx16 pcid sse4_1 sse4_2 x2apic movbe popcnt tsc_deadline_timer aes xsave avx f16c rdrand hypervisor lahf_lm abm 3dnowprefetch invpcid_single ssbd ibrs ibpb stibp kaiser tpr_shadow vnmi ept vpid fsgsbase tsc_adjust bmi1 avx2 smep bmi2 invpcid rdseed adx smap clflushopt xsaveopt xsavec arat md_clear flush_l1d arch_capabilities
bugs		: cpu_meltdown spectre_v1 spectre_v2 spec_store_bypass l1tf mds swapgs itlb_multihit srbds
bogomips	: 3983.99
clflush size	: 64
cache_alignment	: 64
address sizes	: 43 bits physical, 48 bits virtual
power management:

processor	: 1
vendor_id	: GenuineIntel
cpu family	: 6
model		: 142
model name	: Intel(R) Core(TM) i7-8550U CPU @ 1.80GHz
stepping	: 10
microcode	: 0xb4
cpu MHz		: 1991.999
cache size	: 8192 KB
physical id	: 0
siblings	: 6
core id		: 1
cpu cores	: 6
apicid		: 1
initial apicid	: 1
fpu		: yes
fpu_exception	: yes
cpuid level	: 22
wp		: yes
flags		: fpu vme de pse tsc msr pae mce cx8 apic sep mtrr pge mca cmov pat pse36 clflush mmx fxsr sse sse2 ss ht syscall nx pdpe1gb rdtscp lm constant_tsc arch_perfmon nopl xtopology tsc_reliable nonstop_tsc pni pclmulqdq vmx ssse3 fma cx16 pcid sse4_1 sse4_2 x2apic movbe popcnt tsc_deadline_timer aes xsave avx f16c rdrand hypervisor lahf_lm abm 3dnowprefetch invpcid_single ssbd ibrs ibpb stibp kaiser tpr_shadow vnmi ept vpid fsgsbase tsc_adjust bmi1 avx2 smep bmi2 invpcid rdseed adx smap clflushopt xsaveopt xsavec arat md_clear flush_l1d arch_capabilities
bugs		: cpu_meltdown spectre_v1 spectre_v2 spec_store_bypass l1tf mds swapgs itlb_multihit srbds
bogomips	: 3983.99
clflush size	: 64
cache_alignment	: 64
address sizes	: 43 bits physical, 48 bits virtual
power management:

processor	: 2
vendor_id	: GenuineIntel
cpu family	: 6
model		: 142
model name	: Intel(R) Core(TM) i7-8550U CPU @ 1.80GHz
stepping	: 10
microcode	: 0xb4
cpu MHz		: 1991.999
cache size	: 8192 KB
physical id	: 0
siblings	: 6
core id		: 2
cpu cores	: 6
apicid		: 2
initial apicid	: 2
fpu		: yes
fpu_exception	: yes
cpuid level	: 22
wp		: yes
flags		: fpu vme de pse tsc msr pae mce cx8 apic sep mtrr pge mca cmov pat pse36 clflush mmx fxsr sse sse2 ss ht syscall nx pdpe1gb rdtscp lm constant_tsc arch_perfmon nopl xtopology tsc_reliable nonstop_tsc pni pclmulqdq vmx ssse3 fma cx16 pcid sse4_1 sse4_2 x2apic movbe popcnt tsc_deadline_timer aes xsave avx f16c rdrand hypervisor lahf_lm abm 3dnowprefetch invpcid_single ssbd ibrs ibpb stibp kaiser tpr_shadow vnmi ept vpid fsgsbase tsc_adjust bmi1 avx2 smep bmi2 invpcid rdseed adx smap clflushopt xsaveopt xsavec arat md_clear flush_l1d arch_capabilities
bugs		: cpu_meltdown spectre_v1 spectre_v2 spec_store_bypass l1tf mds swapgs itlb_multihit srbds
bogomips	: 3983.99
clflush size	: 64
cache_alignment	: 64
address sizes	: 43 bits physical, 48 bits virtual
power management:

processor	: 3
vendor_id	: GenuineIntel
cpu family	: 6
model		: 142
model name	: Intel(R) Core(TM) i7-8550U CPU @ 1.80GHz
stepping	: 10
microcode	: 0xb4
cpu MHz		: 1991.999
cache size	: 8192 KB
physical id	: 0
siblings	: 6
core id		: 3
cpu cores	: 6
apicid		: 3
initial apicid	: 3
fpu		: yes
fpu_exception	: yes
cpuid level	: 22
wp		: yes
flags		: fpu vme de pse tsc msr pae mce cx8 apic sep mtrr pge mca cmov pat pse36 clflush mmx fxsr sse sse2 ss ht syscall nx pdpe1gb rdtscp lm constant_tsc arch_perfmon nopl xtopology tsc_reliable nonstop_tsc pni pclmulqdq vmx ssse3 fma cx16 pcid sse4_1 sse4_2 x2apic movbe popcnt tsc_deadline_timer aes xsave avx f16c rdrand hypervisor lahf_lm abm 3dnowprefetch invpcid_single ssbd ibrs ibpb stibp kaiser tpr_shadow vnmi ept vpid fsgsbase tsc_adjust bmi1 avx2 smep bmi2 invpcid rdseed adx smap clflushopt xsaveopt xsavec arat md_clear flush_l1d arch_capabilities
bugs		: cpu_meltdown spectre_v1 spectre_v2 spec_store_bypass l1tf mds swapgs itlb_multihit srbds
bogomips	: 3983.99
clflush size	: 64
cache_alignment	: 64
address sizes	: 43 bits physical, 48 bits virtual
power management:

processor	: 4
vendor_id	: GenuineIntel
cpu family	: 6
model		: 142
model name	: Intel(R) Core(TM) i7-8550U CPU @ 1.80GHz
stepping	: 10
microcode	: 0xb4
cpu MHz		: 1991.999
cache size	: 8192 KB
physical id	: 0
siblings	: 6
core id		: 4
cpu cores	: 6
apicid		: 4
initial apicid	: 4
fpu		: yes
fpu_exception	: yes
cpuid level	: 22
wp		: yes
flags		: fpu vme de pse tsc msr pae mce cx8 apic sep mtrr pge mca cmov pat pse36 clflush mmx fxsr sse sse2 ss ht syscall nx pdpe1gb rdtscp lm constant_tsc arch_perfmon nopl xtopology tsc_reliable nonstop_tsc pni pclmulqdq vmx ssse3 fma cx16 pcid sse4_1 sse4_2 x2apic movbe popcnt tsc_deadline_timer aes xsave avx f16c rdrand hypervisor lahf_lm abm 3dnowprefetch invpcid_single ssbd ibrs ibpb stibp kaiser tpr_shadow vnmi ept vpid fsgsbase tsc_adjust bmi1 avx2 smep bmi2 invpcid rdseed adx smap clflushopt xsaveopt xsavec arat md_clear flush_l1d arch_capabilities
bugs		: cpu_meltdown spectre_v1 spectre_v2 spec_store_bypass l1tf mds swapgs itlb_multihit srbds
bogomips	: 3983.99
clflush size	: 64
cache_alignment	: 64
address sizes	: 43 bits physical, 48 bits virtual
power management:

processor	: 5
vendor_id	: GenuineIntel
cpu family	: 6
model		: 142
model name	: Intel(R) Core(TM) i7-8550U CPU @ 1.80GHz
stepping	: 10
microcode	: 0xb4
cpu MHz		: 1991.999
cache size	: 8192 KB
physical id	: 0
siblings	: 6
core id		: 5
cpu cores	: 6
apicid		: 5
initial apicid	: 5
fpu		: yes
fpu_exception	: yes
cpuid level	: 22
wp		: yes
flags		: fpu vme de pse tsc msr pae mce cx8 apic sep mtrr pge mca cmov pat pse36 clflush mmx fxsr sse sse2 ss ht syscall nx pdpe1gb rdtscp lm constant_tsc arch_perfmon nopl xtopology tsc_reliable nonstop_tsc pni pclmulqdq vmx ssse3 fma cx16 pcid sse4_1 sse4_2 x2apic movbe popcnt tsc_deadline_timer aes xsave avx f16c rdrand hypervisor lahf_lm abm 3dnowprefetch invpcid_single ssbd ibrs ibpb stibp kaiser tpr_shadow vnmi ept vpid fsgsbase tsc_adjust bmi1 avx2 smep bmi2 invpcid rdseed adx smap clflushopt xsaveopt xsavec arat md_clear flush_l1d arch_capabilities
bugs		: cpu_meltdown spectre_v1 spectre_v2 spec_store_bypass l1tf mds swapgs itlb_multihit srbds
bogomips	: 3983.99
clflush size	: 64
cache_alignment	: 64
address sizes	: 43 bits physical, 48 bits virtual
power management:



Memory: 4k page, physical 12415048k(151404k free), swap 0k(0k free)

vm_info: Java HotSpot(TM) 64-Bit Server VM (25.201-b09) for linux-amd64 JRE (1.8.0_201-b09), built on Dec 15 2018 11:35:59 by "java_re" with gcc 7.3.0

time: Sat Jun 20 11:12:48 2020
timezone: +03
elapsed time: 47964 seconds (0d 13h 19m 24s)

