Random seed: 123456
1100977:2:Rime started with address 193.12.0.0.0.0.0.2
1108548:2:MAC c1:0c:00:00:00:00:00:02 Contiki-e8a1950 started. Node id is set to 2.
1114279:2:nullsec CSMA nullrdc, channel check rate 128 Hz, radio channel 26
1115513:8:Rime started with address 193.12.0.0.0.0.0.8
1122382:2:Tentative link-local IPv6 address fe80:0000:0000:0000:c30c:0000:0000:0002
1123084:8:MAC c1:0c:00:00:00:00:00:08 Contiki-e8a1950 started. Node id is set to 8.
1124532:2:Starting 'UDP client process'
1128815:8:nullsec CSMA nullrdc, channel check rate 128 Hz, radio channel 26
1136918:8:Tentative link-local IPv6 address fe80:0000:0000:0000:c30c:0000:0000:0008
1139068:8:Starting 'UDP client process'
1213215:4:Rime started with address 193.12.0.0.0.0.0.4
1220786:4:MAC c1:0c:00:00:00:00:00:04 Contiki-e8a1950 started. Node id is set to 4.
1226517:4:nullsec CSMA nullrdc, channel check rate 128 Hz, radio channel 26
1234620:4:Tentative link-local IPv6 address fe80:0000:0000:0000:c30c:0000:0000:0004
1236770:4:Starting 'UDP client process'
1247030:1:Rime started with address 193.12.0.0.0.0.0.1
1254601:1:MAC c1:0c:00:00:00:00:00:01 Contiki-e8a1950 started. Node id is set to 1.
1260332:1:nullsec CSMA nullrdc, channel check rate 128 Hz, radio channel 26
1268436:1:Tentative link-local IPv6 address fe80:0000:0000:0000:c30c:0000:0000:0001
1270585:1:Starting 'UDP server process'
1272057:1:SINK: PERIOD: 300
1274288:1:SINK: DixonQ active n value: 5
1276674:1:SINK: DixonQ confidence_level: 1
1279486:1:SINK: PERIOD from project-conf.h: 300
1579968:6:Rime started with address 193.12.0.0.0.0.0.6
1587539:6:MAC c1:0c:00:00:00:00:00:06 Contiki-e8a1950 started. Node id is set to 6.
1593270:6:nullsec CSMA nullrdc, channel check rate 128 Hz, radio channel 26
1601373:6:Tentative link-local IPv6 address fe80:0000:0000:0000:c30c:0000:0000:0006
1603523:6:Starting 'UDP client process'
1764197:3:Rime started with address 193.12.0.0.0.0.0.3
1771768:3:MAC c1:0c:00:00:00:00:00:03 Contiki-e8a1950 started. Node id is set to 3.
1777499:3:nullsec CSMA nullrdc, channel check rate 128 Hz, radio channel 26
1785602:3:Tentative link-local IPv6 address fe80:0000:0000:0000:c30c:0000:0000:0003
1787752:3:Starting 'UDP client process'
301126345:2:R:1, icmp_sent_TOTAL:15
301128032:2:R:1, icmp_recv_TOTAL:8
301141092:8:R:1, icmp_sent_TOTAL:16
301142929:8:R:1, icmp_recv_TOTAL:21
301238846:4:R:1, icmp_sent_TOTAL:17
301240644:4:R:1, icmp_recv_TOTAL:22
301276281:1:R:1, TOTAL_icmp_sent:6
301278079:1:R:1, TOTAL_icmp_recv:40
301605491:6:R:1, icmp_sent_TOTAL:27
301607314:6:R:1, icmp_recv_TOTAL:34
301789668:3:R:1, icmp_sent_TOTAL:22
301791467:3:R:1, icmp_recv_TOTAL:28
601122666:2:R:2, icmp_sent_TOTAL:19
601124464:2:R:2, icmp_recv_TOTAL:11
601137202:8:R:2, icmp_sent_TOTAL:21
601139000:8:R:2, icmp_recv_TOTAL:29
601234904:4:R:2, icmp_sent_TOTAL:23
601236702:4:R:2, icmp_recv_TOTAL:28
601276281:1:R:2, TOTAL_icmp_sent:7
601278079:1:R:2, TOTAL_icmp_recv:48
601601657:6:R:2, icmp_sent_TOTAL:36
601603456:6:R:2, icmp_recv_TOTAL:43
601785886:3:R:2, icmp_sent_TOTAL:31
601787685:3:R:2, icmp_recv_TOTAL:36
901122667:2:R:3, icmp_sent_TOTAL:24
901124465:2:R:3, icmp_recv_TOTAL:14
901137203:8:R:3, icmp_sent_TOTAL:24
901139002:8:R:3, icmp_recv_TOTAL:32
901234905:4:R:3, icmp_sent_TOTAL:29
901236704:4:R:3, icmp_recv_TOTAL:36
901276272:1:R:3, TOTAL_icmp_sent:7
901278071:1:R:3, TOTAL_icmp_recv:52
901601658:6:R:3, icmp_sent_TOTAL:41
901603456:6:R:3, icmp_recv_TOTAL:46
901785887:3:R:3, icmp_sent_TOTAL:37
901787686:3:R:3, icmp_recv_TOTAL:43
1201122682:2:R:4, icmp_sent_TOTAL:28
1201124480:2:R:4, icmp_recv_TOTAL:17
1201137208:8:R:4, icmp_sent_TOTAL:29
1201139007:8:R:4, icmp_recv_TOTAL:36
1201234920:4:R:4, icmp_sent_TOTAL:34
1201236719:4:R:4, icmp_recv_TOTAL:40
1201276288:1:R:4, TOTAL_icmp_sent:8
1201278087:1:R:4, TOTAL_icmp_recv:59
1201601663:6:R:4, icmp_sent_TOTAL:48
1201603462:6:R:4, icmp_recv_TOTAL:52
1201785892:3:R:4, icmp_sent_TOTAL:41
1201787691:3:R:4, icmp_recv_TOTAL:50
1501122656:2:R:5, icmp_sent_TOTAL:32
1501124454:2:R:5, icmp_recv_TOTAL:19
1501137201:8:R:5, icmp_sent_TOTAL:32
1501139000:8:R:5, icmp_recv_TOTAL:40
1501234892:4:R:5, icmp_sent_TOTAL:39
1501236691:4:R:5, icmp_recv_TOTAL:45
1501276270:1:R:5, TOTAL_icmp_sent:8
1501278069:1:R:5, TOTAL_icmp_recv:64
1501601655:6:R:5, icmp_sent_TOTAL:55
1501603454:6:R:5, icmp_recv_TOTAL:56
1501785885:3:R:5, icmp_sent_TOTAL:47
1501787684:3:R:5, icmp_recv_TOTAL:55
1801122698:2:R:6, icmp_sent_TOTAL:36
1801124497:2:R:6, icmp_recv_TOTAL:21
1801137192:8:R:6, icmp_sent_TOTAL:35
1801138991:8:R:6, icmp_recv_TOTAL:43
1801234903:4:R:6, icmp_sent_TOTAL:45
1801236702:4:R:6, icmp_recv_TOTAL:51
1801276281:1:R:6, TOTAL_icmp_sent:9
1801278080:1:R:6, TOTAL_icmp_recv:70
1801601647:6:R:6, icmp_sent_TOTAL:62
1801603446:6:R:6, icmp_recv_TOTAL:63
1801785886:3:R:6, icmp_sent_TOTAL:54
1801787685:3:R:6, icmp_recv_TOTAL:62
2101122667:2:R:7, icmp_sent_TOTAL:40
2101124465:2:R:7, icmp_recv_TOTAL:23
2101137210:8:R:7, icmp_sent_TOTAL:40
2101139008:8:R:7, icmp_recv_TOTAL:47
2101234905:4:R:7, icmp_sent_TOTAL:49
2101236704:4:R:7, icmp_recv_TOTAL:57
2101276279:1:R:7, TOTAL_icmp_sent:9
2101278079:1:R:7, TOTAL_icmp_recv:75
2101601665:6:R:7, icmp_sent_TOTAL:67
2101603464:6:R:7, icmp_recv_TOTAL:67
2101785885:3:R:7, icmp_sent_TOTAL:59
2101787684:3:R:7, icmp_recv_TOTAL:68
2401122682:2:R:8, icmp_sent_TOTAL:44
2401124480:2:R:8, icmp_recv_TOTAL:26
2401137200:8:R:8, icmp_sent_TOTAL:42
2401138999:8:R:8, icmp_recv_TOTAL:50
2401234921:4:R:8, icmp_sent_TOTAL:54
2401236720:4:R:8, icmp_recv_TOTAL:63
2401276278:1:R:8, TOTAL_icmp_sent:9
2401278078:1:R:8, TOTAL_icmp_recv:78
2401601656:6:R:8, icmp_sent_TOTAL:73
2401603456:6:R:8, icmp_recv_TOTAL:71
2401785893:3:R:8, icmp_sent_TOTAL:65
2401787693:3:R:8, icmp_recv_TOTAL:72
2701122666:2:R:9, icmp_sent_TOTAL:48
2701124465:2:R:9, icmp_recv_TOTAL:30
2701137202:8:R:9, icmp_sent_TOTAL:45
2701139001:8:R:9, icmp_recv_TOTAL:54
2701234904:4:R:9, icmp_sent_TOTAL:60
2701236703:4:R:9, icmp_recv_TOTAL:68
2701276270:1:R:9, TOTAL_icmp_sent:9
2701278069:1:R:9, TOTAL_icmp_recv:84
2701601666:6:R:9, icmp_sent_TOTAL:80
2701603466:6:R:9, icmp_recv_TOTAL:75
2701785887:3:R:9, icmp_sent_TOTAL:71
2701787686:3:R:9, icmp_recv_TOTAL:77
3001122778:2:R:10, icmp_sent_TOTAL:52
3001124689:2:R:10, icmp_recv_TOTAL:31
3001137323:8:R:10, icmp_sent_TOTAL:49
3001139234:8:R:10, icmp_recv_TOTAL:57
3001235026:4:R:10, icmp_sent_TOTAL:64
3001236937:4:R:10, icmp_recv_TOTAL:74
3001275787:1:SINK: Round: 10
3001277586:1:R:10, TOTAL_icmp_sent:9
3001279497:1:R:10, TOTAL_icmp_recv:90
3001601768:6:R:10, icmp_sent_TOTAL:86
3001603679:6:R:10, icmp_recv_TOTAL:81
3001786008:3:R:10, icmp_sent_TOTAL:77
3001787919:3:R:10, icmp_recv_TOTAL:83
3301122778:2:R:11, icmp_sent_TOTAL:56
3301124688:2:R:11, icmp_recv_TOTAL:33
3301137313:8:R:11, icmp_sent_TOTAL:53
3301139224:8:R:11, icmp_recv_TOTAL:61
3301235014:4:R:11, icmp_sent_TOTAL:67
3301236926:4:R:11, icmp_recv_TOTAL:79
3301276504:1:R:11, TOTAL_icmp_sent:10
3301278415:1:R:11, TOTAL_icmp_recv:94
3301601767:6:R:11, icmp_sent_TOTAL:92
3301603678:6:R:11, icmp_recv_TOTAL:85
3301786006:3:R:11, icmp_sent_TOTAL:81
3301787916:3:R:11, icmp_recv_TOTAL:87
3601122786:2:R:12, icmp_sent_TOTAL:60
3601124697:2:R:12, icmp_recv_TOTAL:37
3601137322:8:R:12, icmp_sent_TOTAL:56
3601139233:8:R:12, icmp_recv_TOTAL:62
3601235023:4:R:12, icmp_sent_TOTAL:75
3601236934:4:R:12, icmp_recv_TOTAL:85
3601276503:1:R:12, TOTAL_icmp_sent:10
3601278526:1:R:12, TOTAL_icmp_recv:101
3601601889:6:R:12, icmp_sent_TOTAL:100
3601603800:6:R:12, icmp_recv_TOTAL:91
3601786005:3:R:12, icmp_sent_TOTAL:89
3601787916:3:R:12, icmp_recv_TOTAL:93
3901122788:2:R:13, icmp_sent_TOTAL:65
3901124698:2:R:13, icmp_recv_TOTAL:39
3901137312:8:R:13, icmp_sent_TOTAL:60
3901139223:8:R:13, icmp_recv_TOTAL:67
3901235016:4:R:13, icmp_sent_TOTAL:79
3901236927:4:R:13, icmp_recv_TOTAL:92
3901276505:1:R:13, TOTAL_icmp_sent:11
3901278527:1:R:13, TOTAL_icmp_recv:106
3901601871:6:R:13, icmp_sent_TOTAL:105
3901603782:6:R:13, icmp_recv_TOTAL:97
3901785998:3:R:13, icmp_sent_TOTAL:94
3901787909:3:R:13, icmp_recv_TOTAL:98
4201122778:2:R:14, icmp_sent_TOTAL:70
4201124689:2:R:14, icmp_recv_TOTAL:42
4201137311:8:R:14, icmp_sent_TOTAL:63
4201139223:8:R:14, icmp_recv_TOTAL:70
4201235023:4:R:14, icmp_sent_TOTAL:86
4201236933:4:R:14, icmp_recv_TOTAL:98
4201276502:1:R:14, TOTAL_icmp_sent:11
4201278526:1:R:14, TOTAL_icmp_recv:113
4201601888:6:R:14, icmp_sent_TOTAL:114
4201603911:6:R:14, icmp_recv_TOTAL:104
4201786107:3:R:14, icmp_sent_TOTAL:101
4201788130:3:R:14, icmp_recv_TOTAL:105
4501122777:2:R:15, icmp_sent_TOTAL:72
4501124687:2:R:15, icmp_recv_TOTAL:44
4501137313:8:R:15, icmp_sent_TOTAL:66
4501139225:8:R:15, icmp_recv_TOTAL:72
4501235005:4:R:15, icmp_sent_TOTAL:88
4501237028:4:R:15, icmp_recv_TOTAL:101
4501276495:1:R:15, TOTAL_icmp_sent:11
4501278518:1:R:15, TOTAL_icmp_recv:115
4501601871:6:R:15, icmp_sent_TOTAL:118
4501603893:6:R:15, icmp_recv_TOTAL:106
4501786110:3:R:15, icmp_sent_TOTAL:104
4501788133:3:R:15, icmp_recv_TOTAL:108
4801122787:2:R:16, icmp_sent_TOTAL:76
4801124698:2:R:16, icmp_recv_TOTAL:45
4801137323:8:R:16, icmp_sent_TOTAL:70
4801139235:8:R:16, icmp_recv_TOTAL:76
4801235025:4:R:16, icmp_sent_TOTAL:92
4801237047:4:R:16, icmp_recv_TOTAL:106
4801276504:1:R:16, TOTAL_icmp_sent:11
4801278527:1:R:16, TOTAL_icmp_recv:121
4801601890:6:R:16, icmp_sent_TOTAL:125
4801603913:6:R:16, icmp_recv_TOTAL:110
4801786119:3:R:16, icmp_sent_TOTAL:110
4801788142:3:R:16, icmp_recv_TOTAL:113
5101122787:2:R:17, icmp_sent_TOTAL:81
5101124697:2:R:17, icmp_recv_TOTAL:47
5101137314:8:R:17, icmp_sent_TOTAL:73
5101139225:8:R:17, icmp_recv_TOTAL:81
5101235016:4:R:17, icmp_sent_TOTAL:97
5101237039:4:R:17, icmp_recv_TOTAL:114
5101276505:1:R:17, TOTAL_icmp_sent:12
5101278527:1:R:17, TOTAL_icmp_recv:128
5101601881:6:R:17, icmp_sent_TOTAL:133
5101603904:6:R:17, icmp_recv_TOTAL:117
5101786110:3:R:17, icmp_sent_TOTAL:118
5101788133:3:R:17, icmp_recv_TOTAL:119
5401122775:2:R:18, icmp_sent_TOTAL:84
5401124686:2:R:18, icmp_recv_TOTAL:50
5401137323:8:R:18, icmp_sent_TOTAL:77
5401139233:8:R:18, icmp_recv_TOTAL:83
5401235125:4:R:18, icmp_sent_TOTAL:101
5401237148:4:R:18, icmp_recv_TOTAL:118
5401276503:1:R:18, TOTAL_icmp_sent:12
5401278526:1:R:18, TOTAL_icmp_recv:133
5401601889:6:R:18, icmp_sent_TOTAL:139
5401603912:6:R:18, icmp_recv_TOTAL:120
5401786118:3:R:18, icmp_sent_TOTAL:122
5401788140:3:R:18, icmp_recv_TOTAL:123
5701122778:2:R:19, icmp_sent_TOTAL:88
5701124689:2:R:19, icmp_recv_TOTAL:53
5701137304:8:R:19, icmp_sent_TOTAL:80
5701139214:8:R:19, icmp_recv_TOTAL:85
5701235128:4:R:19, icmp_sent_TOTAL:106
5701237151:4:R:19, icmp_recv_TOTAL:123
5701276495:1:R:19, TOTAL_icmp_sent:12
5701278518:1:R:19, TOTAL_icmp_recv:136
5701601881:6:R:19, icmp_sent_TOTAL:144
5701603904:6:R:19, icmp_recv_TOTAL:123
5701786100:3:R:19, icmp_sent_TOTAL:126
5701788123:3:R:19, icmp_recv_TOTAL:128
6001122787:2:R:20, icmp_sent_TOTAL:91
6001124698:2:R:20, icmp_recv_TOTAL:54
6001137332:8:R:20, icmp_sent_TOTAL:85
6001139243:8:R:20, icmp_recv_TOTAL:91
6001235137:4:R:20, icmp_sent_TOTAL:110
6001237160:4:R:20, icmp_recv_TOTAL:128
6001275806:1:SINK: Round: 20
6001277717:1:R:20, TOTAL_icmp_sent:13
6001279740:1:R:20, TOTAL_icmp_recv:145
6001601891:6:R:20, icmp_sent_TOTAL:152
6001603914:6:R:20, icmp_recv_TOTAL:131
6001786129:3:R:20, icmp_sent_TOTAL:134
6001788152:3:R:20, icmp_recv_TOTAL:135
6301122778:2:R:21, icmp_sent_TOTAL:96
6301124689:2:R:21, icmp_recv_TOTAL:57
6301137321:8:R:21, icmp_sent_TOTAL:88
6301139231:8:R:21, icmp_recv_TOTAL:94
6301235126:4:R:21, icmp_sent_TOTAL:115
6301237149:4:R:21, icmp_recv_TOTAL:134
6301276502:1:R:21, TOTAL_icmp_sent:13
6301278526:1:R:21, TOTAL_icmp_recv:151
6301601889:6:R:21, icmp_sent_TOTAL:159
6301603912:6:R:21, icmp_recv_TOTAL:135
6301786117:3:R:21, icmp_sent_TOTAL:139
6301788140:3:R:21, icmp_recv_TOTAL:138
6601122785:2:R:22, icmp_sent_TOTAL:99
6601124696:2:R:22, icmp_recv_TOTAL:59
6601137313:8:R:22, icmp_sent_TOTAL:91
6601139224:8:R:22, icmp_recv_TOTAL:96
6601235127:4:R:22, icmp_sent_TOTAL:120
6601237150:4:R:22, icmp_recv_TOTAL:139
6601276494:1:R:22, TOTAL_icmp_sent:13
6601278518:1:R:22, TOTAL_icmp_recv:156
6601601879:6:R:22, icmp_sent_TOTAL:166
6601603903:6:R:22, icmp_recv_TOTAL:139
6601786108:3:R:22, icmp_sent_TOTAL:145
6601788131:3:R:22, icmp_recv_TOTAL:144
6901122891:2:R:23, icmp_sent_TOTAL:103
6901124802:2:R:23, icmp_recv_TOTAL:61
6901137315:8:R:23, icmp_sent_TOTAL:94
6901139226:8:R:23, icmp_recv_TOTAL:99
6901235129:4:R:23, icmp_sent_TOTAL:124
6901237152:4:R:23, icmp_recv_TOTAL:144
6901276496:1:R:23, TOTAL_icmp_sent:13
6901278518:1:R:23, TOTAL_icmp_recv:161
6901601882:6:R:23, icmp_sent_TOTAL:172
6901603905:6:R:23, icmp_recv_TOTAL:144
6901786112:3:R:23, icmp_sent_TOTAL:151
6901788135:3:R:23, icmp_recv_TOTAL:149
7201122908:2:R:24, icmp_sent_TOTAL:107
7201124819:2:R:24, icmp_recv_TOTAL:63
7201137323:8:R:24, icmp_sent_TOTAL:98
7201139345:8:R:24, icmp_recv_TOTAL:104
7201235146:4:R:24, icmp_sent_TOTAL:128
7201237170:4:R:24, icmp_recv_TOTAL:150
7201276514:1:R:24, TOTAL_icmp_sent:14
7201278536:1:R:24, TOTAL_icmp_recv:168
7201601889:6:R:24, icmp_sent_TOTAL:180
7201603913:6:R:24, icmp_recv_TOTAL:149
7201786120:3:R:24, icmp_sent_TOTAL:157
7201788143:3:R:24, icmp_recv_TOTAL:154
7501122888:2:R:25, icmp_sent_TOTAL:110
7501124798:2:R:25, icmp_recv_TOTAL:65
7501137433:8:R:25, icmp_sent_TOTAL:102
7501139455:8:R:25, icmp_recv_TOTAL:107
7501235126:4:R:25, icmp_sent_TOTAL:132
7501237149:4:R:25, icmp_recv_TOTAL:155
7501276502:1:R:25, TOTAL_icmp_sent:14
7501278525:1:R:25, TOTAL_icmp_recv:174
7501601888:6:R:25, icmp_sent_TOTAL:187
7501603911:6:R:25, icmp_recv_TOTAL:153
7501786108:3:R:25, icmp_sent_TOTAL:164
7501788131:3:R:25, icmp_recv_TOTAL:159
7801122889:2:R:26, icmp_sent_TOTAL:113
7801124800:2:R:26, icmp_recv_TOTAL:67
7801137425:8:R:26, icmp_sent_TOTAL:106
7801139447:8:R:26, icmp_recv_TOTAL:109
7801235127:4:R:26, icmp_sent_TOTAL:137
7801237151:4:R:26, icmp_recv_TOTAL:159
7801276494:1:R:26, TOTAL_icmp_sent:14
7801278517:1:R:26, TOTAL_icmp_recv:179
7801601871:6:R:26, icmp_sent_TOTAL:192
7801603894:6:R:26, icmp_recv_TOTAL:158
7801786109:3:R:26, icmp_sent_TOTAL:170
7801788131:3:R:26, icmp_recv_TOTAL:164
8101122881:2:R:27, icmp_sent_TOTAL:116
8101124792:2:R:27, icmp_recv_TOTAL:69
8101137427:8:R:27, icmp_sent_TOTAL:110
8101139450:8:R:27, icmp_recv_TOTAL:113
8101235129:4:R:27, icmp_sent_TOTAL:140
8101237151:4:R:27, icmp_recv_TOTAL:164
8101276496:1:R:27, TOTAL_icmp_sent:14
8101278518:1:R:27, TOTAL_icmp_recv:182
8101601882:6:R:27, icmp_sent_TOTAL:196
8101603904:6:R:27, icmp_recv_TOTAL:162
8101786111:3:R:27, icmp_sent_TOTAL:175
8101788133:3:R:27, icmp_recv_TOTAL:169
8401122906:2:R:28, icmp_sent_TOTAL:121
8401124817:2:R:28, icmp_recv_TOTAL:71
8401137432:8:R:28, icmp_sent_TOTAL:114
8401139455:8:R:28, icmp_recv_TOTAL:118
8401235134:4:R:28, icmp_sent_TOTAL:143
8401237157:4:R:28, icmp_recv_TOTAL:170
8401276511:1:R:28, TOTAL_icmp_sent:15
8401278534:1:R:28, TOTAL_icmp_recv:188
8401601887:6:R:28, icmp_sent_TOTAL:204
8401603909:6:R:28, icmp_recv_TOTAL:168
8401786125:3:R:28, icmp_sent_TOTAL:180
8401788148:3:R:28, icmp_recv_TOTAL:173
8701122879:2:R:29, icmp_sent_TOTAL:125
8701124790:2:R:29, icmp_recv_TOTAL:74
8701137425:8:R:29, icmp_sent_TOTAL:118
8701139448:8:R:29, icmp_recv_TOTAL:120
8701235118:4:R:29, icmp_sent_TOTAL:148
8701237140:4:R:29, icmp_recv_TOTAL:176
8701276494:1:R:29, TOTAL_icmp_sent:15
8701278517:1:R:29, TOTAL_icmp_recv:194
8701601880:6:R:29, icmp_sent_TOTAL:210
8701603903:6:R:29, icmp_recv_TOTAL:172
8701786108:3:R:29, icmp_sent_TOTAL:186
8701788130:3:R:29, icmp_recv_TOTAL:177
9001122890:2:R:30, icmp_sent_TOTAL:128
9001124802:2:R:30, icmp_recv_TOTAL:77
9001137426:8:R:30, icmp_sent_TOTAL:122
9001139449:8:R:30, icmp_recv_TOTAL:124
9001235139:4:R:30, icmp_sent_TOTAL:153
9001237162:4:R:30, icmp_recv_TOTAL:180
9001275788:1:SINK: Round: 30
9001277699:1:R:30, TOTAL_icmp_sent:15
9001279722:1:R:30, TOTAL_icmp_recv:200
9001601891:6:R:30, icmp_sent_TOTAL:218
9001603914:6:R:30, icmp_recv_TOTAL:176
9001786111:3:R:30, icmp_sent_TOTAL:192
9001788134:3:R:30, icmp_recv_TOTAL:185
9301122901:2:R:31, icmp_sent_TOTAL:134
9301124812:2:R:31, icmp_recv_TOTAL:80
9301137427:8:R:31, icmp_sent_TOTAL:126
9301139450:8:R:31, icmp_recv_TOTAL:127
9301235130:4:R:31, icmp_sent_TOTAL:159
9301237153:4:R:31, icmp_recv_TOTAL:187
9301276506:1:R:31, TOTAL_icmp_sent:16
9301278529:1:R:31, TOTAL_icmp_recv:206
9301601873:6:R:31, icmp_sent_TOTAL:224
9301603896:6:R:31, icmp_recv_TOTAL:182
9301786112:3:R:31, icmp_sent_TOTAL:197
9301788135:3:R:31, icmp_recv_TOTAL:191
9601122897:2:R:32, icmp_sent_TOTAL:137
9601124808:2:R:32, icmp_recv_TOTAL:82
9601137442:8:R:32, icmp_sent_TOTAL:129
9601139465:8:R:32, icmp_recv_TOTAL:129
9601235135:4:R:32, icmp_sent_TOTAL:164
9601237159:4:R:32, icmp_recv_TOTAL:191
9601276512:1:R:32, TOTAL_icmp_sent:16
9601278536:1:R:32, TOTAL_icmp_recv:211
9601601898:6:R:32, icmp_sent_TOTAL:229
9601603921:6:R:32, icmp_recv_TOTAL:185
9601786116:3:R:32, icmp_sent_TOTAL:201
9601788140:3:R:32, icmp_recv_TOTAL:195
9901122890:2:R:33, icmp_sent_TOTAL:140
9901124801:2:R:33, icmp_recv_TOTAL:84
9901137426:8:R:33, icmp_sent_TOTAL:133
9901139449:8:R:33, icmp_recv_TOTAL:132
9901235127:4:R:33, icmp_sent_TOTAL:169
9901237150:4:R:33, icmp_recv_TOTAL:196
9901276495:1:R:33, TOTAL_icmp_sent:16
9901278519:1:R:33, TOTAL_icmp_recv:217
9901601881:6:R:33, icmp_sent_TOTAL:236
9901603904:6:R:33, icmp_recv_TOTAL:189
9901786109:3:R:33, icmp_sent_TOTAL:207
9901788132:3:R:33, icmp_recv_TOTAL:200
10201122881:2:R:34, icmp_sent_TOTAL:142
10201124792:2:R:34, icmp_recv_TOTAL:87
10201137417:8:R:34, icmp_sent_TOTAL:135
10201139440:8:R:34, icmp_recv_TOTAL:135
10201235138:4:R:34, icmp_sent_TOTAL:173
10201237161:4:R:34, icmp_recv_TOTAL:200
10201276496:1:R:34, TOTAL_icmp_sent:16
10201278519:1:R:34, TOTAL_icmp_recv:220
10201601881:6:R:34, icmp_sent_TOTAL:241
10201603905:6:R:34, icmp_recv_TOTAL:193
10201786120:3:R:34, icmp_sent_TOTAL:212
10201788143:3:R:34, icmp_recv_TOTAL:204
10501122899:2:R:35, icmp_sent_TOTAL:146
10501124810:2:R:35, icmp_recv_TOTAL:88
10501137435:8:R:35, icmp_sent_TOTAL:142
10501139458:8:R:35, icmp_recv_TOTAL:140
10501235136:4:R:35, icmp_sent_TOTAL:177
10501237159:4:R:35, icmp_recv_TOTAL:205
10501276504:1:R:35, TOTAL_icmp_sent:17
10501278528:1:R:35, TOTAL_icmp_recv:229
10501601880:6:R:35, icmp_sent_TOTAL:250
10501603903:6:R:35, icmp_recv_TOTAL:202
10501786119:3:R:35, icmp_sent_TOTAL:220
10501788142:3:R:35, icmp_recv_TOTAL:213
10801122899:2:R:36, icmp_sent_TOTAL:150
10801124810:2:R:36, icmp_recv_TOTAL:91
10801137433:8:R:36, icmp_sent_TOTAL:146
10801139457:8:R:36, icmp_recv_TOTAL:143
10801235126:4:R:36, icmp_sent_TOTAL:183
10801237150:4:R:36, icmp_recv_TOTAL:210
10801276504:1:R:36, TOTAL_icmp_sent:17
10801278528:1:R:36, TOTAL_icmp_recv:235
10801601889:6:R:36, icmp_sent_TOTAL:258
10801603912:6:R:36, icmp_recv_TOTAL:206
10801786109:3:R:36, icmp_sent_TOTAL:225
10801788132:3:R:36, icmp_recv_TOTAL:219
TEST TIMEOUT
TEST FAILED
Test ended at simulation time: 10900000824
