Random seed: 123456
937738:10:Rime started with address 193.12.0.0.0.0.0.10
945423:10:MAC c1:0c:00:00:00:00:00:0a Contiki-e8a1950 started. Node id is set to 10.
951190:10:nullsec CSMA nullrdc, channel check rate 128 Hz, radio channel 26
959290:10:Tentative link-local IPv6 address fe80:0000:0000:0000:c30c:0000:0000:000a
961440:10:Starting 'UDP client process'
1055429:13:Rime started with address 193.12.0.0.0.0.0.13
1063114:13:MAC c1:0c:00:00:00:00:00:0d Contiki-e8a1950 started. Node id is set to 13.
1068881:13:nullsec CSMA nullrdc, channel check rate 128 Hz, radio channel 26
1076981:13:Tentative link-local IPv6 address fe80:0000:0000:0000:c30c:0000:0000:000d
1079131:13:Starting 'UDP client process'
1100977:2:Rime started with address 193.12.0.0.0.0.0.2
1108548:2:MAC c1:0c:00:00:00:00:00:02 Contiki-e8a1950 started. Node id is set to 2.
1114279:2:nullsec CSMA nullrdc, channel check rate 128 Hz, radio channel 26
1115513:8:Rime started with address 193.12.0.0.0.0.0.8
1122382:2:Tentative link-local IPv6 address fe80:0000:0000:0000:c30c:0000:0000:0002
1123084:8:MAC c1:0c:00:00:00:00:00:08 Contiki-e8a1950 started. Node id is set to 8.
1124532:2:Starting 'UDP client process'
1128815:8:nullsec CSMA nullrdc, channel check rate 128 Hz, radio channel 26
1136918:8:Tentative link-local IPv6 address fe80:0000:0000:0000:c30c:0000:0000:0008
1139068:8:Starting 'UDP client process'
1213215:4:Rime started with address 193.12.0.0.0.0.0.4
1220786:4:MAC c1:0c:00:00:00:00:00:04 Contiki-e8a1950 started. Node id is set to 4.
1226517:4:nullsec CSMA nullrdc, channel check rate 128 Hz, radio channel 26
1234620:4:Tentative link-local IPv6 address fe80:0000:0000:0000:c30c:0000:0000:0004
1236770:4:Starting 'UDP client process'
1247030:1:Rime started with address 193.12.0.0.0.0.0.1
1254601:1:MAC c1:0c:00:00:00:00:00:01 Contiki-e8a1950 started. Node id is set to 1.
1260332:1:nullsec CSMA nullrdc, channel check rate 128 Hz, radio channel 26
1266627:9:Rime started with address 193.12.0.0.0.0.0.9
1268436:1:Tentative link-local IPv6 address fe80:0000:0000:0000:c30c:0000:0000:0001
1270585:1:Starting 'UDP server process'
1272057:1:SINK: PERIOD: 300
1274198:9:MAC c1:0c:00:00:00:00:00:09 Contiki-e8a1950 started. Node id is set to 9.
1274288:1:SINK: DixonQ active n value: 5
1276674:1:SINK: DixonQ confidence_level: 1
1279486:1:SINK: PERIOD from project-conf.h: 300
1279929:9:nullsec CSMA nullrdc, channel check rate 128 Hz, radio channel 26
1288032:9:Tentative link-local IPv6 address fe80:0000:0000:0000:c30c:0000:0000:0009
1290182:9:Starting 'UDP client process'
1421449:12:Rime started with address 193.12.0.0.0.0.0.12
1429134:12:MAC c1:0c:00:00:00:00:00:0c Contiki-e8a1950 started. Node id is set to 12.
1434901:12:nullsec CSMA nullrdc, channel check rate 128 Hz, radio channel 26
1443001:12:Tentative link-local IPv6 address fe80:0000:0000:0000:c30c:0000:0000:000c
1445151:12:Starting 'UDP client process'
1573446:11:Rime started with address 193.12.0.0.0.0.0.11
1579968:6:Rime started with address 193.12.0.0.0.0.0.6
1581131:11:MAC c1:0c:00:00:00:00:00:0b Contiki-e8a1950 started. Node id is set to 11.
1586898:11:nullsec CSMA nullrdc, channel check rate 128 Hz, radio channel 26
1587539:6:MAC c1:0c:00:00:00:00:00:06 Contiki-e8a1950 started. Node id is set to 6.
1593270:6:nullsec CSMA nullrdc, channel check rate 128 Hz, radio channel 26
1594998:11:Tentative link-local IPv6 address fe80:0000:0000:0000:c30c:0000:0000:000b
1597148:11:Starting 'UDP client process'
1601373:6:Tentative link-local IPv6 address fe80:0000:0000:0000:c30c:0000:0000:0006
1603523:6:Starting 'UDP client process'
1764197:3:Rime started with address 193.12.0.0.0.0.0.3
1771768:3:MAC c1:0c:00:00:00:00:00:03 Contiki-e8a1950 started. Node id is set to 3.
1777499:3:nullsec CSMA nullrdc, channel check rate 128 Hz, radio channel 26
1785602:3:Tentative link-local IPv6 address fe80:0000:0000:0000:c30c:0000:0000:0003
1787752:3:Starting 'UDP client process'
300963150:10:R:1, icmp_sent_TOTAL:32
300964972:10:R:1, icmp_recv_TOTAL:48
301081102:13:R:1, icmp_sent_TOTAL:37
301082943:13:R:1, icmp_recv_TOTAL:43
301126556:2:R:1, icmp_sent_TOTAL:15
301128395:2:R:1, icmp_recv_TOTAL:20
301141303:8:R:1, icmp_sent_TOTAL:16
301143138:8:R:1, icmp_recv_TOTAL:29
301238846:4:R:1, icmp_sent_TOTAL:16
301240644:4:R:1, icmp_recv_TOTAL:26
301276281:1:R:1, TOTAL_icmp_sent:6
301278080:1:R:1, TOTAL_icmp_recv:75
301292207:9:R:1, icmp_sent_TOTAL:17
301294045:9:R:1, icmp_recv_TOTAL:35
301447128:12:R:1, icmp_sent_TOTAL:15
301448963:12:R:1, icmp_recv_TOTAL:35
301598914:11:R:1, icmp_sent_TOTAL:15
301600751:11:R:1, icmp_recv_TOTAL:21
301605491:6:R:1, icmp_sent_TOTAL:27
301607314:6:R:1, icmp_recv_TOTAL:32
301789668:3:R:1, icmp_sent_TOTAL:22
301791467:3:R:1, icmp_recv_TOTAL:28
600959324:10:R:2, icmp_sent_TOTAL:40
600961123:10:R:2, icmp_recv_TOTAL:55
601077006:13:R:2, icmp_sent_TOTAL:46
601078805:13:R:2, icmp_recv_TOTAL:53
601122666:2:R:2, icmp_sent_TOTAL:19
601124464:2:R:2, icmp_recv_TOTAL:24
601137202:8:R:2, icmp_sent_TOTAL:20
601139000:8:R:2, icmp_recv_TOTAL:40
601234904:4:R:2, icmp_sent_TOTAL:21
601236703:4:R:2, icmp_recv_TOTAL:31
601276281:1:R:2, TOTAL_icmp_sent:7
601278080:1:R:2, TOTAL_icmp_recv:90
601288316:9:R:2, icmp_sent_TOTAL:21
601290114:9:R:2, icmp_recv_TOTAL:45
601443026:12:R:2, icmp_sent_TOTAL:19
601444824:12:R:2, icmp_recv_TOTAL:45
601595023:11:R:2, icmp_sent_TOTAL:19
601596821:11:R:2, icmp_recv_TOTAL:24
601601657:6:R:2, icmp_sent_TOTAL:36
601603456:6:R:2, icmp_recv_TOTAL:39
601785886:3:R:2, icmp_sent_TOTAL:31
601787685:3:R:2, icmp_recv_TOTAL:34
900959316:10:R:3, icmp_sent_TOTAL:48
900961115:10:R:3, icmp_recv_TOTAL:62
901077007:13:R:3, icmp_sent_TOTAL:54
901078806:13:R:3, icmp_recv_TOTAL:58
901122657:2:R:3, icmp_sent_TOTAL:23
901124455:2:R:3, icmp_recv_TOTAL:28
901137193:8:R:3, icmp_sent_TOTAL:23
901138991:8:R:3, icmp_recv_TOTAL:44
901234895:4:R:3, icmp_sent_TOTAL:26
901236694:4:R:3, icmp_recv_TOTAL:39
901276272:1:R:3, TOTAL_icmp_sent:7
901278071:1:R:3, TOTAL_icmp_recv:98
901288317:9:R:3, icmp_sent_TOTAL:25
901290115:9:R:3, icmp_recv_TOTAL:48
901443027:12:R:3, icmp_sent_TOTAL:24
901444826:12:R:3, icmp_recv_TOTAL:56
901595056:11:R:3, icmp_sent_TOTAL:22
901596854:11:R:3, icmp_recv_TOTAL:28
901601658:6:R:3, icmp_sent_TOTAL:41
901603456:6:R:3, icmp_recv_TOTAL:45
901785887:3:R:3, icmp_sent_TOTAL:37
901787686:3:R:3, icmp_recv_TOTAL:37
1200959322:10:R:4, icmp_sent_TOTAL:55
1200961121:10:R:4, icmp_recv_TOTAL:69
1201077013:13:R:4, icmp_sent_TOTAL:64
1201078812:13:R:4, icmp_recv_TOTAL:66
1201122682:2:R:4, icmp_sent_TOTAL:29
1201124481:2:R:4, icmp_recv_TOTAL:32
1201137209:8:R:4, icmp_sent_TOTAL:28
1201139008:8:R:4, icmp_recv_TOTAL:51
1201234920:4:R:4, icmp_sent_TOTAL:31
1201236718:4:R:4, icmp_recv_TOTAL:41
1201276288:1:R:4, TOTAL_icmp_sent:8
1201278200:1:R:4, TOTAL_icmp_recv:112
1201288332:9:R:4, icmp_sent_TOTAL:28
1201290131:9:R:4, icmp_recv_TOTAL:54
1201443032:12:R:4, icmp_sent_TOTAL:27
1201444831:12:R:4, icmp_recv_TOTAL:64
1201595029:11:R:4, icmp_sent_TOTAL:27
1201596828:11:R:4, icmp_recv_TOTAL:30
1201601663:6:R:4, icmp_sent_TOTAL:48
1201603462:6:R:4, icmp_recv_TOTAL:51
1201785892:3:R:4, icmp_sent_TOTAL:41
1201787690:3:R:4, icmp_recv_TOTAL:44
1500959314:10:R:5, icmp_sent_TOTAL:61
1500961114:10:R:5, icmp_recv_TOTAL:73
1501077006:13:R:5, icmp_sent_TOTAL:70
1501078805:13:R:5, icmp_recv_TOTAL:71
1501122665:2:R:5, icmp_sent_TOTAL:33
1501124464:2:R:5, icmp_recv_TOTAL:32
1501137201:8:R:5, icmp_sent_TOTAL:31
1501139000:8:R:5, icmp_recv_TOTAL:56
1501234894:4:R:5, icmp_sent_TOTAL:35
1501236692:4:R:5, icmp_recv_TOTAL:43
1501276270:1:R:5, TOTAL_icmp_sent:8
1501278181:1:R:5, TOTAL_icmp_recv:121
1501288306:9:R:5, icmp_sent_TOTAL:32
1501290105:9:R:5, icmp_recv_TOTAL:59
1501443025:12:R:5, icmp_sent_TOTAL:31
1501444825:12:R:5, icmp_recv_TOTAL:72
1501595013:11:R:5, icmp_sent_TOTAL:30
1501596812:11:R:5, icmp_recv_TOTAL:33
1501601655:6:R:5, icmp_sent_TOTAL:55
1501603454:6:R:5, icmp_recv_TOTAL:54
1501785885:3:R:5, icmp_sent_TOTAL:47
1501787683:3:R:5, icmp_recv_TOTAL:47
1800959325:10:R:6, icmp_sent_TOTAL:69
1800961123:10:R:6, icmp_recv_TOTAL:80
1801077015:13:R:6, icmp_sent_TOTAL:80
1801078815:13:R:6, icmp_recv_TOTAL:78
1801122656:2:R:6, icmp_sent_TOTAL:38
1801124455:2:R:6, icmp_recv_TOTAL:37
1801137212:8:R:6, icmp_sent_TOTAL:37
1801139011:8:R:6, icmp_recv_TOTAL:62
1801234913:4:R:6, icmp_sent_TOTAL:43
1801236712:4:R:6, icmp_recv_TOTAL:49
1801276281:1:R:6, TOTAL_icmp_sent:9
1801278192:1:R:6, TOTAL_icmp_recv:137
1801288316:9:R:6, icmp_sent_TOTAL:35
1801290115:9:R:6, icmp_recv_TOTAL:65
1801443036:12:R:6, icmp_sent_TOTAL:35
1801444835:12:R:6, icmp_recv_TOTAL:79
1801595033:11:R:6, icmp_sent_TOTAL:35
1801596832:11:R:6, icmp_recv_TOTAL:36
1801601647:6:R:6, icmp_sent_TOTAL:63
1801603446:6:R:6, icmp_recv_TOTAL:64
1801785886:3:R:6, icmp_sent_TOTAL:55
1801787685:3:R:6, icmp_recv_TOTAL:56
2100959307:10:R:7, icmp_sent_TOTAL:76
2100961106:10:R:7, icmp_recv_TOTAL:87
2101077014:13:R:7, icmp_sent_TOTAL:89
2101078812:13:R:7, icmp_recv_TOTAL:84
2101122677:2:R:7, icmp_sent_TOTAL:43
2101124475:2:R:7, icmp_recv_TOTAL:41
2101137210:8:R:7, icmp_sent_TOTAL:40
2101139009:8:R:7, icmp_recv_TOTAL:67
2101234895:4:R:7, icmp_sent_TOTAL:47
2101236694:4:R:7, icmp_recv_TOTAL:53
2101276279:1:R:7, TOTAL_icmp_sent:9
2101278191:1:R:7, TOTAL_icmp_recv:147
2101288327:9:R:7, icmp_sent_TOTAL:39
2101290126:9:R:7, icmp_recv_TOTAL:69
2101443017:12:R:7, icmp_sent_TOTAL:39
2101444816:12:R:7, icmp_recv_TOTAL:88
2101595024:11:R:7, icmp_sent_TOTAL:39
2101596823:11:R:7, icmp_recv_TOTAL:39
2101601665:6:R:7, icmp_sent_TOTAL:68
2101603464:6:R:7, icmp_recv_TOTAL:65
2101785885:3:R:7, icmp_sent_TOTAL:60
2101787684:3:R:7, icmp_recv_TOTAL:60
2400959332:10:R:8, icmp_sent_TOTAL:82
2400961131:10:R:8, icmp_recv_TOTAL:90
2401077014:13:R:8, icmp_sent_TOTAL:95
2401078813:13:R:8, icmp_recv_TOTAL:87
2401122682:2:R:8, icmp_sent_TOTAL:47
2401124480:2:R:8, icmp_recv_TOTAL:44
2401137209:8:R:8, icmp_sent_TOTAL:44
2401139008:8:R:8, icmp_recv_TOTAL:71
2401234921:4:R:8, icmp_sent_TOTAL:52
2401236720:4:R:8, icmp_recv_TOTAL:58
2401276278:1:R:8, TOTAL_icmp_sent:9
2401278190:1:R:8, TOTAL_icmp_recv:155
2401288322:9:R:8, icmp_sent_TOTAL:44
2401290121:9:R:8, icmp_recv_TOTAL:72
2401443043:12:R:8, icmp_sent_TOTAL:42
2401444842:12:R:8, icmp_recv_TOTAL:93
2401595030:11:R:8, icmp_sent_TOTAL:41
2401596829:11:R:8, icmp_recv_TOTAL:43
2401601656:6:R:8, icmp_sent_TOTAL:74
2401603455:6:R:8, icmp_recv_TOTAL:69
2401785893:3:R:8, icmp_sent_TOTAL:66
2401787692:3:R:8, icmp_recv_TOTAL:65
2700959325:10:R:9, icmp_sent_TOTAL:90
2700961124:10:R:9, icmp_recv_TOTAL:95
2701077128:13:R:9, icmp_sent_TOTAL:103
2701078927:13:R:9, icmp_recv_TOTAL:94
2701122656:2:R:9, icmp_sent_TOTAL:50
2701124455:2:R:9, icmp_recv_TOTAL:48
2701137192:8:R:9, icmp_sent_TOTAL:46
2701138991:8:R:9, icmp_recv_TOTAL:77
2701234912:4:R:9, icmp_sent_TOTAL:56
2701236711:4:R:9, icmp_recv_TOTAL:61
2701276270:1:R:9, TOTAL_icmp_sent:9
2701278181:1:R:9, TOTAL_icmp_recv:165
2701288316:9:R:9, icmp_sent_TOTAL:48
2701290115:9:R:9, icmp_recv_TOTAL:79
2701443026:12:R:9, icmp_sent_TOTAL:46
2701444936:12:R:9, icmp_recv_TOTAL:101
2701595023:11:R:9, icmp_sent_TOTAL:46
2701596821:11:R:9, icmp_recv_TOTAL:45
2701601666:6:R:9, icmp_sent_TOTAL:80
2701603466:6:R:9, icmp_recv_TOTAL:71
2701785887:3:R:9, icmp_sent_TOTAL:71
2701787686:3:R:9, icmp_recv_TOTAL:69
3000959427:10:R:10, icmp_sent_TOTAL:95
3000961338:10:R:10, icmp_recv_TOTAL:99
3001077220:13:R:10, icmp_sent_TOTAL:107
3001079131:13:R:10, icmp_recv_TOTAL:97
3001122788:2:R:10, icmp_sent_TOTAL:53
3001124699:2:R:10, icmp_recv_TOTAL:51
3001137314:8:R:10, icmp_sent_TOTAL:50
3001139224:8:R:10, icmp_recv_TOTAL:80
3001235015:4:R:10, icmp_sent_TOTAL:61
3001236926:4:R:10, icmp_recv_TOTAL:64
3001275787:1:SINK: Round: 10
3001277586:1:R:10, TOTAL_icmp_sent:9
3001279608:1:R:10, TOTAL_icmp_recv:173
3001288438:9:R:10, icmp_sent_TOTAL:51
3001290348:9:R:10, icmp_recv_TOTAL:83
3001443137:12:R:10, icmp_sent_TOTAL:48
3001445160:12:R:10, icmp_recv_TOTAL:106
3001595145:11:R:10, icmp_sent_TOTAL:50
3001597055:11:R:10, icmp_recv_TOTAL:48
3001601768:6:R:10, icmp_sent_TOTAL:86
3001603680:6:R:10, icmp_recv_TOTAL:77
3001786008:3:R:10, icmp_sent_TOTAL:77
3001787920:3:R:10, icmp_recv_TOTAL:73
3300959537:10:R:11, icmp_sent_TOTAL:103
3300961560:10:R:11, icmp_recv_TOTAL:104
3301077238:13:R:11, icmp_sent_TOTAL:117
3301079261:13:R:11, icmp_recv_TOTAL:104
3301122787:2:R:11, icmp_sent_TOTAL:57
3301124698:2:R:11, icmp_recv_TOTAL:53
3301137312:8:R:11, icmp_sent_TOTAL:54
3301139223:8:R:11, icmp_recv_TOTAL:86
3301235025:4:R:11, icmp_sent_TOTAL:66
3301236936:4:R:11, icmp_recv_TOTAL:67
3301276504:1:R:11, TOTAL_icmp_sent:10
3301278527:1:R:11, TOTAL_icmp_recv:186
3301288436:9:R:11, icmp_sent_TOTAL:54
3301290347:9:R:11, icmp_recv_TOTAL:88
3301443146:12:R:11, icmp_sent_TOTAL:52
3301445169:12:R:11, icmp_recv_TOTAL:112
3301595143:11:R:11, icmp_sent_TOTAL:54
3301597054:11:R:11, icmp_recv_TOTAL:50
3301601767:6:R:11, icmp_sent_TOTAL:94
3301603678:6:R:11, icmp_recv_TOTAL:83
3301786006:3:R:11, icmp_sent_TOTAL:83
3301787917:3:R:11, icmp_recv_TOTAL:77
3600959547:10:R:12, icmp_sent_TOTAL:108
3600961569:10:R:12, icmp_recv_TOTAL:108
3601077238:13:R:12, icmp_sent_TOTAL:125
3601079260:13:R:12, icmp_recv_TOTAL:108
3601122786:2:R:12, icmp_sent_TOTAL:62
3601124697:2:R:12, icmp_recv_TOTAL:57
3601137322:8:R:12, icmp_sent_TOTAL:57
3601139232:8:R:12, icmp_recv_TOTAL:89
3601235015:4:R:12, icmp_sent_TOTAL:72
3601236926:4:R:12, icmp_recv_TOTAL:71
3601276503:1:R:12, TOTAL_icmp_sent:10
3601278526:1:R:12, TOTAL_icmp_recv:196
3601288426:9:R:12, icmp_sent_TOTAL:58
3601290337:9:R:12, icmp_recv_TOTAL:92
3601443136:12:R:12, icmp_sent_TOTAL:54
3601445159:12:R:12, icmp_recv_TOTAL:117
3601595133:11:R:12, icmp_sent_TOTAL:57
3601597044:11:R:12, icmp_recv_TOTAL:52
3601601889:6:R:12, icmp_sent_TOTAL:101
3601603799:6:R:12, icmp_recv_TOTAL:87
3601786006:3:R:12, icmp_sent_TOTAL:90
3601787916:3:R:12, icmp_recv_TOTAL:82
3900959539:10:R:13, icmp_sent_TOTAL:114
3900961562:10:R:13, icmp_recv_TOTAL:112
3901077220:13:R:13, icmp_sent_TOTAL:132
3901079243:13:R:13, icmp_recv_TOTAL:114
3901122788:2:R:13, icmp_sent_TOTAL:66
3901124699:2:R:13, icmp_recv_TOTAL:60
3901137314:8:R:13, icmp_sent_TOTAL:61
3901139225:8:R:13, icmp_recv_TOTAL:95
3901235026:4:R:13, icmp_sent_TOTAL:78
3901236938:4:R:13, icmp_recv_TOTAL:77
3901276505:1:R:13, TOTAL_icmp_sent:11
3901278527:1:R:13, TOTAL_icmp_recv:206
3901288428:9:R:13, icmp_sent_TOTAL:62
3901290339:9:R:13, icmp_recv_TOTAL:96
3901443148:12:R:13, icmp_sent_TOTAL:58
3901445170:12:R:13, icmp_recv_TOTAL:123
3901595135:11:R:13, icmp_sent_TOTAL:60
3901597046:11:R:13, icmp_recv_TOTAL:56
3901601871:6:R:13, icmp_sent_TOTAL:106
3901603782:6:R:13, icmp_recv_TOTAL:92
3901785998:3:R:13, icmp_sent_TOTAL:95
3901787908:3:R:13, icmp_recv_TOTAL:86
4200959536:10:R:14, icmp_sent_TOTAL:122
4200961559:10:R:14, icmp_recv_TOTAL:120
4201077228:13:R:14, icmp_sent_TOTAL:142
4201079250:13:R:14, icmp_recv_TOTAL:120
4201122778:2:R:14, icmp_sent_TOTAL:70
4201124689:2:R:14, icmp_recv_TOTAL:62
4201137311:8:R:14, icmp_sent_TOTAL:63
4201139334:8:R:14, icmp_recv_TOTAL:101
4201235023:4:R:14, icmp_sent_TOTAL:83
4201236933:4:R:14, icmp_recv_TOTAL:80
4201276502:1:R:14, TOTAL_icmp_sent:11
4201278526:1:R:14, TOTAL_icmp_recv:218
4201288428:9:R:14, icmp_sent_TOTAL:66
4201290451:9:R:14, icmp_recv_TOTAL:101
4201443138:12:R:14, icmp_sent_TOTAL:62
4201445161:12:R:14, icmp_recv_TOTAL:131
4201595135:11:R:14, icmp_sent_TOTAL:64
4201597046:11:R:14, icmp_recv_TOTAL:59
4201601888:6:R:14, icmp_sent_TOTAL:114
4201603799:6:R:14, icmp_recv_TOTAL:97
4201786107:3:R:14, icmp_sent_TOTAL:101
4201788018:3:R:14, icmp_recv_TOTAL:92
4500959539:10:R:15, icmp_sent_TOTAL:128
4500961562:10:R:15, icmp_recv_TOTAL:125
4501077230:13:R:15, icmp_sent_TOTAL:148
4501079253:13:R:15, icmp_recv_TOTAL:125
4501122778:2:R:15, icmp_sent_TOTAL:74
4501124689:2:R:15, icmp_recv_TOTAL:66
4501137313:8:R:15, icmp_sent_TOTAL:66
4501139336:8:R:15, icmp_recv_TOTAL:103
4501235016:4:R:15, icmp_sent_TOTAL:88
4501236926:4:R:15, icmp_recv_TOTAL:82
4501276495:1:R:15, TOTAL_icmp_sent:11
4501278518:1:R:15, TOTAL_icmp_recv:227
4501288436:9:R:15, icmp_sent_TOTAL:69
4501290459:9:R:15, icmp_recv_TOTAL:105
4501443147:12:R:15, icmp_sent_TOTAL:65
4501445170:12:R:15, icmp_recv_TOTAL:135
4501595144:11:R:15, icmp_sent_TOTAL:68
4501597055:11:R:15, icmp_recv_TOTAL:61
4501601870:6:R:15, icmp_sent_TOTAL:120
4501603893:6:R:15, icmp_recv_TOTAL:100
4501786110:3:R:15, icmp_sent_TOTAL:106
4501788021:3:R:15, icmp_recv_TOTAL:97
4800959556:10:R:16, icmp_sent_TOTAL:134
4800961579:10:R:16, icmp_recv_TOTAL:129
4801077248:13:R:16, icmp_sent_TOTAL:155
4801079270:13:R:16, icmp_recv_TOTAL:129
4801122787:2:R:16, icmp_sent_TOTAL:77
4801124698:2:R:16, icmp_recv_TOTAL:69
4801137323:8:R:16, icmp_sent_TOTAL:70
4801139346:8:R:16, icmp_recv_TOTAL:110
4801235025:4:R:16, icmp_sent_TOTAL:93
4801236935:4:R:16, icmp_recv_TOTAL:85
4801276504:1:R:16, TOTAL_icmp_sent:11
4801278528:1:R:16, TOTAL_icmp_recv:235
4801288428:9:R:16, icmp_sent_TOTAL:71
4801290451:9:R:16, icmp_recv_TOTAL:110
4801443147:12:R:16, icmp_sent_TOTAL:67
4801445170:12:R:16, icmp_recv_TOTAL:142
4801595144:11:R:16, icmp_sent_TOTAL:72
4801597055:11:R:16, icmp_recv_TOTAL:64
4801601890:6:R:16, icmp_sent_TOTAL:126
4801603912:6:R:16, icmp_recv_TOTAL:103
4801786119:3:R:16, icmp_sent_TOTAL:111
4801788142:3:R:16, icmp_recv_TOTAL:101
5100959538:10:R:17, icmp_sent_TOTAL:141
5100961562:10:R:17, icmp_recv_TOTAL:135
5101077228:13:R:17, icmp_sent_TOTAL:165
5101079251:13:R:17, icmp_recv_TOTAL:136
5101122787:2:R:17, icmp_sent_TOTAL:81
5101124699:2:R:17, icmp_recv_TOTAL:72
5101137305:8:R:17, icmp_sent_TOTAL:74
5101139328:8:R:17, icmp_recv_TOTAL:116
5101235016:4:R:17, icmp_sent_TOTAL:98
5101236927:4:R:17, icmp_recv_TOTAL:91
5101276505:1:R:17, TOTAL_icmp_sent:12
5101278527:1:R:17, TOTAL_icmp_recv:249
5101288428:9:R:17, icmp_sent_TOTAL:75
5101290452:9:R:17, icmp_recv_TOTAL:115
5101444255:12:R:17, icmp_sent_TOTAL:71
5101446279:12:R:17, icmp_recv_TOTAL:150
5101595145:11:R:17, icmp_sent_TOTAL:77
5101597056:11:R:17, icmp_recv_TOTAL:66
5101601881:6:R:17, icmp_sent_TOTAL:134
5101603904:6:R:17, icmp_recv_TOTAL:110
5101786110:3:R:17, icmp_sent_TOTAL:119
5101788133:3:R:17, icmp_recv_TOTAL:107
5400959538:10:R:18, icmp_sent_TOTAL:149
5400961561:10:R:18, icmp_recv_TOTAL:141
5401077237:13:R:18, icmp_sent_TOTAL:173
5401079260:13:R:18, icmp_recv_TOTAL:142
5401122775:2:R:18, icmp_sent_TOTAL:84
5401124686:2:R:18, icmp_recv_TOTAL:75
5401137321:8:R:18, icmp_sent_TOTAL:78
5401139345:8:R:18, icmp_recv_TOTAL:119
5401235126:4:R:18, icmp_sent_TOTAL:102
5401237037:4:R:18, icmp_recv_TOTAL:94
5401276503:1:R:18, TOTAL_icmp_sent:12
5401278526:1:R:18, TOTAL_icmp_recv:259
5401288434:9:R:18, icmp_sent_TOTAL:80
5401290458:9:R:18, icmp_recv_TOTAL:119
5401443146:12:R:18, icmp_sent_TOTAL:75
5401445169:12:R:18, icmp_recv_TOTAL:155
5401595132:11:R:18, icmp_sent_TOTAL:80
5401597043:11:R:18, icmp_recv_TOTAL:68
5401601889:6:R:18, icmp_sent_TOTAL:140
5401603912:6:R:18, icmp_recv_TOTAL:113
5401786118:3:R:18, icmp_sent_TOTAL:123
5401788141:3:R:18, icmp_recv_TOTAL:111
5700959540:10:R:19, icmp_sent_TOTAL:154
5700961563:10:R:19, icmp_recv_TOTAL:144
5701077230:13:R:19, icmp_sent_TOTAL:180
5701079253:13:R:19, icmp_recv_TOTAL:146
5701122778:2:R:19, icmp_sent_TOTAL:87
5701124689:2:R:19, icmp_recv_TOTAL:77
5701137304:8:R:19, icmp_sent_TOTAL:81
5701139327:8:R:19, icmp_recv_TOTAL:123
5701235128:4:R:19, icmp_sent_TOTAL:107
5701237039:4:R:19, icmp_recv_TOTAL:97
5701276495:1:R:19, TOTAL_icmp_sent:12
5701278518:1:R:19, TOTAL_icmp_recv:266
5701288418:9:R:19, icmp_sent_TOTAL:82
5701290441:9:R:19, icmp_recv_TOTAL:121
5701443139:12:R:19, icmp_sent_TOTAL:79
5701445161:12:R:19, icmp_recv_TOTAL:160
5701595135:11:R:19, icmp_sent_TOTAL:83
5701597046:11:R:19, icmp_recv_TOTAL:71
5701601881:6:R:19, icmp_sent_TOTAL:145
5701603905:6:R:19, icmp_recv_TOTAL:116
5701786100:3:R:19, icmp_sent_TOTAL:127
5701788123:3:R:19, icmp_recv_TOTAL:116
6000959557:10:R:20, icmp_sent_TOTAL:161
6000961580:10:R:20, icmp_recv_TOTAL:148
6001077229:13:R:20, icmp_sent_TOTAL:186
6001079252:13:R:20, icmp_recv_TOTAL:151
6001122787:2:R:20, icmp_sent_TOTAL:91
6001124697:2:R:20, icmp_recv_TOTAL:81
6001137322:8:R:20, icmp_sent_TOTAL:85
6001139345:8:R:20, icmp_recv_TOTAL:130
6001235147:4:R:20, icmp_sent_TOTAL:112
6001237169:4:R:20, icmp_recv_TOTAL:100
6001275806:1:SINK: Round: 20
6001277717:1:R:20, TOTAL_icmp_sent:13
6001279740:1:R:20, TOTAL_icmp_recv:278
6001288436:9:R:20, icmp_sent_TOTAL:86
6001290459:9:R:20, icmp_recv_TOTAL:128
6001443137:12:R:20, icmp_sent_TOTAL:82
6001445159:12:R:20, icmp_recv_TOTAL:168
6001595153:11:R:20, icmp_sent_TOTAL:87
6001597064:11:R:20, icmp_recv_TOTAL:75
6001601891:6:R:20, icmp_sent_TOTAL:153
6001603913:6:R:20, icmp_recv_TOTAL:123
6001786129:3:R:20, icmp_sent_TOTAL:135
6001788151:3:R:20, icmp_recv_TOTAL:122
6300959536:10:R:21, icmp_sent_TOTAL:169
6300961559:10:R:21, icmp_recv_TOTAL:154
6301077237:13:R:21, icmp_sent_TOTAL:195
6301079261:13:R:21, icmp_recv_TOTAL:157
6301122778:2:R:21, icmp_sent_TOTAL:96
6301124688:2:R:21, icmp_recv_TOTAL:83
6301137321:8:R:21, icmp_sent_TOTAL:89
6301139344:8:R:21, icmp_recv_TOTAL:135
6301235126:4:R:21, icmp_sent_TOTAL:116
6301237148:4:R:21, icmp_recv_TOTAL:104
6301276502:1:R:21, TOTAL_icmp_sent:13
6301278526:1:R:21, TOTAL_icmp_recv:290
6301288425:9:R:21, icmp_sent_TOTAL:90
6301290448:9:R:21, icmp_recv_TOTAL:134
6301443144:12:R:21, icmp_sent_TOTAL:86
6301445167:12:R:21, icmp_recv_TOTAL:175
6301595132:11:R:21, icmp_sent_TOTAL:91
6301597044:11:R:21, icmp_recv_TOTAL:77
6301601887:6:R:21, icmp_sent_TOTAL:160
6301603910:6:R:21, icmp_recv_TOTAL:127
6301786117:3:R:21, icmp_sent_TOTAL:140
6301788140:3:R:21, icmp_recv_TOTAL:126
6600959538:10:R:22, icmp_sent_TOTAL:175
6600961561:10:R:22, icmp_recv_TOTAL:159
6601077228:13:R:22, icmp_sent_TOTAL:203
6601079250:13:R:22, icmp_recv_TOTAL:162
6601122785:2:R:22, icmp_sent_TOTAL:99
6601124695:2:R:22, icmp_recv_TOTAL:86
6601137303:8:R:22, icmp_sent_TOTAL:91
6601139326:8:R:22, icmp_recv_TOTAL:138
6601235126:4:R:22, icmp_sent_TOTAL:120
6601237148:4:R:22, icmp_recv_TOTAL:107
6601276494:1:R:22, TOTAL_icmp_sent:13
6601278518:1:R:22, TOTAL_icmp_recv:299
6601288426:9:R:22, icmp_sent_TOTAL:94
6601290449:9:R:22, icmp_recv_TOTAL:137
6601443137:12:R:22, icmp_sent_TOTAL:90
6601445160:12:R:22, icmp_recv_TOTAL:179
6601595133:11:R:22, icmp_sent_TOTAL:93
6601597043:11:R:22, icmp_recv_TOTAL:80
6601601879:6:R:22, icmp_sent_TOTAL:167
6601603903:6:R:22, icmp_recv_TOTAL:131
6601786108:3:R:22, icmp_sent_TOTAL:146
6601788131:3:R:22, icmp_recv_TOTAL:130
6900959540:10:R:23, icmp_sent_TOTAL:181
6900961562:10:R:23, icmp_recv_TOTAL:163
6901077231:13:R:23, icmp_sent_TOTAL:209
6901079253:13:R:23, icmp_recv_TOTAL:166
6901122881:2:R:23, icmp_sent_TOTAL:103
6901124792:2:R:23, icmp_recv_TOTAL:90
6901137315:8:R:23, icmp_sent_TOTAL:95
6901139338:8:R:23, icmp_recv_TOTAL:142
6901235129:4:R:23, icmp_sent_TOTAL:124
6901237152:4:R:23, icmp_recv_TOTAL:110
6901276496:1:R:23, TOTAL_icmp_sent:13
6901278520:1:R:23, TOTAL_icmp_recv:307
6901288429:9:R:23, icmp_sent_TOTAL:98
6901290452:9:R:23, icmp_recv_TOTAL:143
6901443139:12:R:23, icmp_sent_TOTAL:94
6901445162:12:R:23, icmp_recv_TOTAL:186
6901595136:11:R:23, icmp_sent_TOTAL:97
6901597046:11:R:23, icmp_recv_TOTAL:84
6901601882:6:R:23, icmp_sent_TOTAL:172
6901603905:6:R:23, icmp_recv_TOTAL:134
6901786112:3:R:23, icmp_sent_TOTAL:151
6901788135:3:R:23, icmp_recv_TOTAL:133
7200959558:10:R:24, icmp_sent_TOTAL:190
7200961580:10:R:24, icmp_recv_TOTAL:168
7201077229:13:R:24, icmp_sent_TOTAL:219
7201079252:13:R:24, icmp_recv_TOTAL:175
7201122908:2:R:24, icmp_sent_TOTAL:108
7201124819:2:R:24, icmp_recv_TOTAL:93
7201137444:8:R:24, icmp_sent_TOTAL:100
7201139467:8:R:24, icmp_recv_TOTAL:149
7201235137:4:R:24, icmp_sent_TOTAL:129
7201237160:4:R:24, icmp_recv_TOTAL:116
7201276514:1:R:24, TOTAL_icmp_sent:14
7201278536:1:R:24, TOTAL_icmp_recv:321
7201288549:9:R:24, icmp_sent_TOTAL:102
7201290572:9:R:24, icmp_recv_TOTAL:149
7201443147:12:R:24, icmp_sent_TOTAL:97
7201445170:12:R:24, icmp_recv_TOTAL:194
7201595246:11:R:24, icmp_sent_TOTAL:101
7201597156:11:R:24, icmp_recv_TOTAL:87
7201601889:6:R:24, icmp_sent_TOTAL:180
7201603913:6:R:24, icmp_recv_TOTAL:139
7201786120:3:R:24, icmp_sent_TOTAL:157
7201788143:3:R:24, icmp_recv_TOTAL:139
7500959547:10:R:25, icmp_sent_TOTAL:196
7500961570:10:R:25, icmp_recv_TOTAL:173
7501077237:13:R:25, icmp_sent_TOTAL:227
7501079260:13:R:25, icmp_recv_TOTAL:180
7501122898:2:R:25, icmp_sent_TOTAL:110
7501124809:2:R:25, icmp_recv_TOTAL:93
7501137433:8:R:25, icmp_sent_TOTAL:104
7501139456:8:R:25, icmp_recv_TOTAL:155
7501235126:4:R:25, icmp_sent_TOTAL:132
7501237148:4:R:25, icmp_recv_TOTAL:120
7501276502:1:R:25, TOTAL_icmp_sent:14
7501278526:1:R:25, TOTAL_icmp_recv:332
7501288537:9:R:25, icmp_sent_TOTAL:105
7501290561:9:R:25, icmp_recv_TOTAL:154
7501443257:12:R:25, icmp_sent_TOTAL:102
7501445280:12:R:25, icmp_recv_TOTAL:198
7501595245:11:R:25, icmp_sent_TOTAL:103
7501597155:11:R:25, icmp_recv_TOTAL:89
7501601888:6:R:25, icmp_sent_TOTAL:187
7501603911:6:R:25, icmp_recv_TOTAL:144
7501786108:3:R:25, icmp_sent_TOTAL:165
7501788131:3:R:25, icmp_recv_TOTAL:144
7800959528:10:R:26, icmp_sent_TOTAL:201
7800961551:10:R:26, icmp_recv_TOTAL:176
7801077230:13:R:26, icmp_sent_TOTAL:233
7801079253:13:R:26, icmp_recv_TOTAL:183
7801122880:2:R:26, icmp_sent_TOTAL:113
7801124791:2:R:26, icmp_recv_TOTAL:96
7801137414:8:R:26, icmp_sent_TOTAL:106
7801139436:8:R:26, icmp_recv_TOTAL:160
7801235127:4:R:26, icmp_sent_TOTAL:136
7801237150:4:R:26, icmp_recv_TOTAL:123
7801276494:1:R:26, TOTAL_icmp_sent:14
7801278517:1:R:26, TOTAL_icmp_recv:338
7801288539:9:R:26, icmp_sent_TOTAL:109
7801290563:9:R:26, icmp_recv_TOTAL:158
7801443239:12:R:26, icmp_sent_TOTAL:105
7801445262:12:R:26, icmp_recv_TOTAL:203
7801595246:11:R:26, icmp_sent_TOTAL:107
7801597157:11:R:26, icmp_recv_TOTAL:92
7801601871:6:R:26, icmp_sent_TOTAL:192
7801603894:6:R:26, icmp_recv_TOTAL:148
7801786109:3:R:26, icmp_sent_TOTAL:171
7801788132:3:R:26, icmp_recv_TOTAL:147
8100959548:10:R:27, icmp_sent_TOTAL:208
8100961571:10:R:27, icmp_recv_TOTAL:183
8101077231:13:R:27, icmp_sent_TOTAL:241
8101079253:13:R:27, icmp_recv_TOTAL:189
8101122901:2:R:27, icmp_sent_TOTAL:117
8101124924:2:R:27, icmp_recv_TOTAL:100
8101137427:8:R:27, icmp_sent_TOTAL:109
8101139449:8:R:27, icmp_recv_TOTAL:165
8101235129:4:R:27, icmp_sent_TOTAL:142
8101237152:4:R:27, icmp_recv_TOTAL:128
8101276496:1:R:27, TOTAL_icmp_sent:14
8101278519:1:R:27, TOTAL_icmp_recv:347
8101288541:9:R:27, icmp_sent_TOTAL:113
8101290563:9:R:27, icmp_recv_TOTAL:165
8101443251:12:R:27, icmp_sent_TOTAL:108
8101445274:12:R:27, icmp_recv_TOTAL:211
8101595258:11:R:27, icmp_sent_TOTAL:111
8101597169:11:R:27, icmp_recv_TOTAL:95
8101601882:6:R:27, icmp_sent_TOTAL:197
8101603906:6:R:27, icmp_recv_TOTAL:151
8101786111:3:R:27, icmp_sent_TOTAL:177
8101788134:3:R:27, icmp_recv_TOTAL:151
8400959545:10:R:28, icmp_sent_TOTAL:216
8400961568:10:R:28, icmp_recv_TOTAL:189
8401077236:13:R:28, icmp_sent_TOTAL:250
8401079259:13:R:28, icmp_recv_TOTAL:196
8401122906:2:R:28, icmp_sent_TOTAL:122
8401124928:2:R:28, icmp_recv_TOTAL:103
8401137432:8:R:28, icmp_sent_TOTAL:114
8401139455:8:R:28, icmp_recv_TOTAL:172
8401235134:4:R:28, icmp_sent_TOTAL:147
8401237157:4:R:28, icmp_recv_TOTAL:131
8401276511:1:R:28, TOTAL_icmp_sent:15
8401278534:1:R:28, TOTAL_icmp_recv:360
8401288556:9:R:28, icmp_sent_TOTAL:119
8401290579:9:R:28, icmp_recv_TOTAL:170
8401443266:12:R:28, icmp_sent_TOTAL:112
8401445289:12:R:28, icmp_recv_TOTAL:219
8401595253:11:R:28, icmp_sent_TOTAL:115
8401597164:11:R:28, icmp_recv_TOTAL:98
8401601887:6:R:28, icmp_sent_TOTAL:206
8401603910:6:R:28, icmp_recv_TOTAL:158
8401786125:3:R:28, icmp_sent_TOTAL:183
8401788149:3:R:28, icmp_recv_TOTAL:157
8700959537:10:R:29, icmp_sent_TOTAL:221
8700961560:10:R:29, icmp_recv_TOTAL:192
8701077228:13:R:29, icmp_sent_TOTAL:256
8701079251:13:R:29, icmp_recv_TOTAL:200
8701122879:2:R:29, icmp_sent_TOTAL:125
8701124902:2:R:29, icmp_recv_TOTAL:107
8701137424:8:R:29, icmp_sent_TOTAL:117
8701139447:8:R:29, icmp_recv_TOTAL:176
8701235118:4:R:29, icmp_sent_TOTAL:151
8701237141:4:R:29, icmp_recv_TOTAL:134
8701276494:1:R:29, TOTAL_icmp_sent:15
8701278517:1:R:29, TOTAL_icmp_recv:368
8701288528:9:R:29, icmp_sent_TOTAL:121
8701290551:9:R:29, icmp_recv_TOTAL:172
8701443239:12:R:29, icmp_sent_TOTAL:115
8701445263:12:R:29, icmp_recv_TOTAL:223
8701595246:11:R:29, icmp_sent_TOTAL:118
8701597269:11:R:29, icmp_recv_TOTAL:100
8701601880:6:R:29, icmp_sent_TOTAL:211
8701603902:6:R:29, icmp_recv_TOTAL:160
8701786108:3:R:29, icmp_sent_TOTAL:188
8701788130:3:R:29, icmp_recv_TOTAL:160
9000959540:10:R:30, icmp_sent_TOTAL:229
9000961563:10:R:30, icmp_recv_TOTAL:197
9001077230:13:R:30, icmp_sent_TOTAL:265
9001079254:13:R:30, icmp_recv_TOTAL:205
9001122890:2:R:30, icmp_sent_TOTAL:129
9001124914:2:R:30, icmp_recv_TOTAL:110
9001137426:8:R:30, icmp_sent_TOTAL:121
9001139449:8:R:30, icmp_recv_TOTAL:181
9001235139:4:R:30, icmp_sent_TOTAL:156
9001237162:4:R:30, icmp_recv_TOTAL:138
9001275788:1:SINK: Round: 30
9001277699:1:R:30, TOTAL_icmp_sent:15
9001279723:1:R:30, TOTAL_icmp_recv:379
9001288540:9:R:30, icmp_sent_TOTAL:124
9001290563:9:R:30, icmp_recv_TOTAL:177
9001443251:12:R:30, icmp_sent_TOTAL:119
9001445275:12:R:30, icmp_recv_TOTAL:230
9001595247:11:R:30, icmp_sent_TOTAL:121
9001597270:11:R:30, icmp_recv_TOTAL:102
9001601891:6:R:30, icmp_sent_TOTAL:219
9001603914:6:R:30, icmp_recv_TOTAL:164
9001786111:3:R:30, icmp_sent_TOTAL:194
9001788133:3:R:30, icmp_recv_TOTAL:167
9300959541:10:R:31, icmp_sent_TOTAL:235
9300961564:10:R:31, icmp_recv_TOTAL:203
9301077232:13:R:31, icmp_sent_TOTAL:274
9301079256:13:R:31, icmp_recv_TOTAL:210
9301122901:2:R:31, icmp_sent_TOTAL:133
9301124925:2:R:31, icmp_recv_TOTAL:112
9301137427:8:R:31, icmp_sent_TOTAL:124
9301139450:8:R:31, icmp_recv_TOTAL:187
9301235129:4:R:31, icmp_sent_TOTAL:161
9301237152:4:R:31, icmp_recv_TOTAL:142
9301276506:1:R:31, TOTAL_icmp_sent:16
9301278531:1:R:31, TOTAL_icmp_recv:390
9301288541:9:R:31, icmp_sent_TOTAL:127
9301290564:9:R:31, icmp_recv_TOTAL:183
9301443261:12:R:31, icmp_sent_TOTAL:123
9301445285:12:R:31, icmp_recv_TOTAL:238
9301595248:11:R:31, icmp_sent_TOTAL:125
9301597271:11:R:31, icmp_recv_TOTAL:105
9301601873:6:R:31, icmp_sent_TOTAL:225
9301603896:6:R:31, icmp_recv_TOTAL:170
9301786111:3:R:31, icmp_sent_TOTAL:200
9301788134:3:R:31, icmp_recv_TOTAL:171
9600959555:10:R:32, icmp_sent_TOTAL:242
9600961578:10:R:32, icmp_recv_TOTAL:207
9601077246:13:R:32, icmp_sent_TOTAL:281
9601079270:13:R:32, icmp_recv_TOTAL:216
9601122907:2:R:32, icmp_sent_TOTAL:136
9601124930:2:R:32, icmp_recv_TOTAL:115
9601137443:8:R:32, icmp_sent_TOTAL:127
9601139467:8:R:32, icmp_recv_TOTAL:190
9601235143:4:R:32, icmp_sent_TOTAL:166
9601237167:4:R:32, icmp_recv_TOTAL:145
9601276512:1:R:32, TOTAL_icmp_sent:16
9601278535:1:R:32, TOTAL_icmp_recv:400
9601288548:9:R:32, icmp_sent_TOTAL:130
9601290571:9:R:32, icmp_recv_TOTAL:187
9601443256:12:R:32, icmp_sent_TOTAL:127
9601445279:12:R:32, icmp_recv_TOTAL:244
9601595253:11:R:32, icmp_sent_TOTAL:129
9601597276:11:R:32, icmp_recv_TOTAL:108
9601601898:6:R:32, icmp_sent_TOTAL:231
9601603921:6:R:32, icmp_recv_TOTAL:174
9601786116:3:R:32, icmp_sent_TOTAL:205
9601788139:3:R:32, icmp_recv_TOTAL:175
9900959527:10:R:33, icmp_sent_TOTAL:248
9900961551:10:R:33, icmp_recv_TOTAL:211
9901077229:13:R:33, icmp_sent_TOTAL:288
9901079252:13:R:33, icmp_recv_TOTAL:220
9901122880:2:R:33, icmp_sent_TOTAL:139
9901124904:2:R:33, icmp_recv_TOTAL:117
9901137426:8:R:33, icmp_sent_TOTAL:131
9901139449:8:R:33, icmp_recv_TOTAL:196
9901235116:4:R:33, icmp_sent_TOTAL:169
9901237140:4:R:33, icmp_recv_TOTAL:147
9901276495:1:R:33, TOTAL_icmp_sent:16
9901278518:1:R:33, TOTAL_icmp_recv:408
9901288540:9:R:33, icmp_sent_TOTAL:133
9901290563:9:R:33, icmp_recv_TOTAL:192
9901443250:12:R:33, icmp_sent_TOTAL:130
9901445273:12:R:33, icmp_recv_TOTAL:249
9901595247:11:R:33, icmp_sent_TOTAL:132
9901597270:11:R:33, icmp_recv_TOTAL:109
9901601881:6:R:33, icmp_sent_TOTAL:237
9901603904:6:R:33, icmp_recv_TOTAL:177
9901786110:3:R:33, icmp_sent_TOTAL:210
9901788133:3:R:33, icmp_recv_TOTAL:178
10200959540:10:R:34, icmp_sent_TOTAL:254
10200961563:10:R:34, icmp_recv_TOTAL:216
10201077230:13:R:34, icmp_sent_TOTAL:295
10201079254:13:R:34, icmp_recv_TOTAL:226
10201122891:2:R:34, icmp_sent_TOTAL:142
10201124914:2:R:34, icmp_recv_TOTAL:120
10201137436:8:R:34, icmp_sent_TOTAL:135
10201139459:8:R:34, icmp_recv_TOTAL:200
10201235128:4:R:34, icmp_sent_TOTAL:173
10201237152:4:R:34, icmp_recv_TOTAL:152
10201276496:1:R:34, TOTAL_icmp_sent:16
10201278519:1:R:34, TOTAL_icmp_recv:419
10201288550:9:R:34, icmp_sent_TOTAL:138
10201290574:9:R:34, icmp_recv_TOTAL:195
10201443251:12:R:34, icmp_sent_TOTAL:134
10201445274:12:R:34, icmp_recv_TOTAL:254
10201595248:11:R:34, icmp_sent_TOTAL:135
10201597271:11:R:34, icmp_recv_TOTAL:113
10201601881:6:R:34, icmp_sent_TOTAL:243
10201603904:6:R:34, icmp_recv_TOTAL:183
10201786120:3:R:34, icmp_sent_TOTAL:216
10201788143:3:R:34, icmp_recv_TOTAL:183
10500959548:10:R:35, icmp_sent_TOTAL:261
10500961571:10:R:35, icmp_recv_TOTAL:221
10501077230:13:R:35, icmp_sent_TOTAL:303
10501079254:13:R:35, icmp_recv_TOTAL:232
10501122899:2:R:35, icmp_sent_TOTAL:147
10501124922:2:R:35, icmp_recv_TOTAL:124
10501137425:8:R:35, icmp_sent_TOTAL:139
10501139448:8:R:35, icmp_recv_TOTAL:207
10501235136:4:R:35, icmp_sent_TOTAL:178
10501237160:4:R:35, icmp_recv_TOTAL:156
10501276504:1:R:35, TOTAL_icmp_sent:17
10501278528:1:R:35, TOTAL_icmp_recv:431
10501288539:9:R:35, icmp_sent_TOTAL:140
10501290562:9:R:35, icmp_recv_TOTAL:204
10501443259:12:R:35, icmp_sent_TOTAL:139
10501445282:12:R:35, icmp_recv_TOTAL:263
10501595246:11:R:35, icmp_sent_TOTAL:139
10501597270:11:R:35, icmp_recv_TOTAL:117
10501601880:6:R:35, icmp_sent_TOTAL:252
10501603903:6:R:35, icmp_recv_TOTAL:189
10501786119:3:R:35, icmp_sent_TOTAL:224
10501788142:3:R:35, icmp_recv_TOTAL:189
10800959538:10:R:36, icmp_sent_TOTAL:269
10800961562:10:R:36, icmp_recv_TOTAL:228
10801077239:13:R:36, icmp_sent_TOTAL:311
10801079263:13:R:36, icmp_recv_TOTAL:238
10801122888:2:R:36, icmp_sent_TOTAL:150
10801124911:2:R:36, icmp_recv_TOTAL:128
10801137435:8:R:36, icmp_sent_TOTAL:142
10801139458:8:R:36, icmp_recv_TOTAL:211
10801235126:4:R:36, icmp_sent_TOTAL:183
10801237150:4:R:36, icmp_recv_TOTAL:159
10801276504:1:R:36, TOTAL_icmp_sent:17
10801278527:1:R:36, TOTAL_icmp_recv:441
10801288547:9:R:36, icmp_sent_TOTAL:145
10801290571:9:R:36, icmp_recv_TOTAL:207
10801443248:12:R:36, icmp_sent_TOTAL:143
10801445271:12:R:36, icmp_recv_TOTAL:269
10801595256:11:R:36, icmp_sent_TOTAL:145
10801597279:11:R:36, icmp_recv_TOTAL:120
10801601889:6:R:36, icmp_sent_TOTAL:259
10801603912:6:R:36, icmp_recv_TOTAL:191
10801786109:3:R:36, icmp_sent_TOTAL:228
10801788132:3:R:36, icmp_recv_TOTAL:194
TEST TIMEOUT
TEST FAILED
Test ended at simulation time: 10900000000
